********** Run - model: roberta-base, learning rate = 2e-05 **********

********** Run 1 - input sentence pairs **********

Random seed = 42

                                                   

 25%|██▌       | 1273/5092 [01:24<03:56, 16.13it/s]{'loss': 1.5001, 'learning_rate': 1.5000000000000002e-05, 'epoch': 1.0}

                                                   

                                                  

                                                   

 50%|█████     | 2546/5092 [02:51<02:34, 16.47it/s]{'eval_loss': 1.2498093843460083, 'eval_runtime': 1.726, 'eval_samples_per_second': 793.163, 'eval_steps_per_second': 99.652, 'epoch': 1.0}

{'loss': 1.0855, 'learning_rate': 1e-05, 'epoch': 2.0}

                                                   

                                                  

                                                   

 75%|███████▌  | 3819/5092 [04:16<01:17, 16.42it/s]{'eval_loss': 1.1301730871200562, 'eval_runtime': 1.6992, 'eval_samples_per_second': 805.656, 'eval_steps_per_second': 101.222, 'epoch': 2.0}

{'loss': 0.8637, 'learning_rate': 5e-06, 'epoch': 3.0}

                                                   

                                                   

100%|██████████| 5092/5092 [05:44<00:00, 16.33it/s]{'eval_loss': 1.0956099033355713, 'eval_runtime': 1.7723, 'eval_samples_per_second': 772.441, 'eval_steps_per_second': 97.049, 'epoch': 3.0}

{'loss': 0.6886, 'learning_rate': 0.0, 'epoch': 4.0}

                                                   

                                                   

{'eval_loss': 1.1353027820587158, 'eval_runtime': 1.7694, 'eval_samples_per_second': 773.717, 'eval_steps_per_second': 97.209, 'epoch': 4.0}

{'train_runtime': 346.6774, 'train_samples_per_second': 117.481, 'train_steps_per_second': 14.688, 'train_loss': 1.0344643304409797, 'epoch': 4.0}

 16%|█▌        | 22/141 [00:00<00:01, 95.36it/s] 

/lustre03/project/6066577/shuhaibm/env/lib/python3.8/site-packages/sklearn/metrics/_classification.py:1344: UndefinedMetricWarning: Precision and F-score are ill-defined and being set to 0.0 in labels with no predicted samples. Use `zero_division` parameter to control this behavior.

  _warn_prf(average, modifier, msg_start, len(result))

/lustre03/project/6066577/shuhaibm/env/lib/python3.8/site-packages/sklearn/metrics/_classification.py:1344: UndefinedMetricWarning: Precision and F-score are ill-defined and being set to 0.0 in labels with no predicted samples. Use `zero_division` parameter to control this behavior.

  _warn_prf(average, modifier, msg_start, len(result))

/lustre03/project/6066577/shuhaibm/env/lib/python3.8/site-packages/sklearn/metrics/_classification.py:1344: UndefinedMetricWarning: Precision and F-score are ill-defined and being set to 0.0 in labels with no predicted samples. Use `zero_division` parameter to control this behavior.

  _warn_prf(average, modifier, msg_start, len(result))

Accuracy: 0.7047872340425532

                        precision    recall  f1-score   support

       Acknowledgement       0.75      0.84      0.79       148

           Alternation       0.88      0.79      0.83        19

            Background       0.00      0.00      0.00         1

Clarification_question       0.42      0.45      0.43        33

               Comment       0.67      0.66      0.67       165

           Conditional       0.60      0.67      0.63        18

          Continuation       0.60      0.45      0.52       113

              Contrast       0.60      0.55      0.57        44

            Correction       0.40      0.29      0.33        21

           Elaboration       0.59      0.65      0.62       101

           Explanation       0.46      0.55      0.50        31

             Narration       0.00      0.00      0.00        13

              Parallel       0.69      0.60      0.64        15

                Q_Elab       0.65      0.67      0.66        72

  Question_answer_pair       0.88      0.92      0.90       305

                Result       0.50      0.59      0.54        29

              accuracy                           0.70      1128

             macro avg       0.54      0.54      0.54      1128

          weighted avg       0.69      0.70      0.70      1128

Random seed = 123

                                                   

 25%|██▌       | 1273/5092 [01:23<03:52, 16.39it/s]{'loss': 1.5001, 'learning_rate': 1.5000000000000002e-05, 'epoch': 1.0}

                                                   

                                                   

 50%|█████     | 2546/5092 [02:52<02:35, 16.34it/s]{'eval_loss': 1.2498093843460083, 'eval_runtime': 1.768, 'eval_samples_per_second': 774.305, 'eval_steps_per_second': 97.283, 'epoch': 1.0}

{'loss': 1.0855, 'learning_rate': 1e-05, 'epoch': 2.0}

                                                   

                                                   

 75%|███████▌  | 3819/5092 [04:17<01:17, 16.37it/s]{'eval_loss': 1.1301730871200562, 'eval_runtime': 1.7727, 'eval_samples_per_second': 772.264, 'eval_steps_per_second': 97.027, 'epoch': 2.0}

{'loss': 0.8637, 'learning_rate': 5e-06, 'epoch': 3.0}

                                                   

                                                   

100%|██████████| 5092/5092 [05:48<00:00, 16.40it/s]{'eval_loss': 1.0956099033355713, 'eval_runtime': 1.8073, 'eval_samples_per_second': 757.475, 'eval_steps_per_second': 95.169, 'epoch': 3.0}

{'loss': 0.6886, 'learning_rate': 0.0, 'epoch': 4.0}

                                                   

                                                   

{'eval_loss': 1.1353027820587158, 'eval_runtime': 1.7912, 'eval_samples_per_second': 764.304, 'eval_steps_per_second': 96.027, 'epoch': 4.0}

{'train_runtime': 350.2273, 'train_samples_per_second': 116.29, 'train_steps_per_second': 14.539, 'train_loss': 1.0344643304409797, 'epoch': 4.0}

 16%|█▌        | 22/141 [00:00<00:01, 96.39it/s] 

/lustre03/project/6066577/shuhaibm/env/lib/python3.8/site-packages/sklearn/metrics/_classification.py:1344: UndefinedMetricWarning: Precision and F-score are ill-defined and being set to 0.0 in labels with no predicted samples. Use `zero_division` parameter to control this behavior.

  _warn_prf(average, modifier, msg_start, len(result))

/lustre03/project/6066577/shuhaibm/env/lib/python3.8/site-packages/sklearn/metrics/_classification.py:1344: UndefinedMetricWarning: Precision and F-score are ill-defined and being set to 0.0 in labels with no predicted samples. Use `zero_division` parameter to control this behavior.

  _warn_prf(average, modifier, msg_start, len(result))

/lustre03/project/6066577/shuhaibm/env/lib/python3.8/site-packages/sklearn/metrics/_classification.py:1344: UndefinedMetricWarning: Precision and F-score are ill-defined and being set to 0.0 in labels with no predicted samples. Use `zero_division` parameter to control this behavior.

  _warn_prf(average, modifier, msg_start, len(result))

Accuracy: 0.7047872340425532

                        precision    recall  f1-score   support

       Acknowledgement       0.75      0.84      0.79       148

           Alternation       0.88      0.79      0.83        19

            Background       0.00      0.00      0.00         1

Clarification_question       0.42      0.45      0.43        33

               Comment       0.67      0.66      0.67       165

           Conditional       0.60      0.67      0.63        18

          Continuation       0.60      0.45      0.52       113

              Contrast       0.60      0.55      0.57        44

            Correction       0.40      0.29      0.33        21

           Elaboration       0.59      0.65      0.62       101

           Explanation       0.46      0.55      0.50        31

             Narration       0.00      0.00      0.00        13

              Parallel       0.69      0.60      0.64        15

                Q_Elab       0.65      0.67      0.66        72

  Question_answer_pair       0.88      0.92      0.90       305

                Result       0.50      0.59      0.54        29

              accuracy                           0.70      1128

             macro avg       0.54      0.54      0.54      1128

          weighted avg       0.69      0.70      0.70      1128

Random seed = 456

                                                   

 25%|██▌       | 1273/5092 [01:23<03:52, 16.42it/s]{'loss': 1.5001, 'learning_rate': 1.5000000000000002e-05, 'epoch': 1.0}

                                                   

                                                   

 50%|█████     | 2546/5092 [02:52<02:34, 16.49it/s]{'eval_loss': 1.2498093843460083, 'eval_runtime': 1.7666, 'eval_samples_per_second': 774.942, 'eval_steps_per_second': 97.363, 'epoch': 1.0}

{'loss': 1.0855, 'learning_rate': 1e-05, 'epoch': 2.0}

                                                  

                                                   

                                                   

 75%|███████▌  | 3819/5092 [04:17<01:17, 16.53it/s]{'eval_loss': 1.1301730871200562, 'eval_runtime': 1.7006, 'eval_samples_per_second': 805.024, 'eval_steps_per_second': 101.143, 'epoch': 2.0}

{'loss': 0.8637, 'learning_rate': 5e-06, 'epoch': 3.0}

                                                  

                                                   

                                                   

100%|██████████| 5092/5092 [05:45<00:00, 16.56it/s]{'eval_loss': 1.0956099033355713, 'eval_runtime': 1.7058, 'eval_samples_per_second': 802.537, 'eval_steps_per_second': 100.83, 'epoch': 3.0}

{'loss': 0.6886, 'learning_rate': 0.0, 'epoch': 4.0}

                                                  

                                                   

                                                   

{'eval_loss': 1.1353027820587158, 'eval_runtime': 1.703, 'eval_samples_per_second': 803.873, 'eval_steps_per_second': 100.998, 'epoch': 4.0}

{'train_runtime': 347.1163, 'train_samples_per_second': 117.332, 'train_steps_per_second': 14.669, 'train_loss': 1.0344643304409797, 'epoch': 4.0}

 16%|█▌        | 22/141 [00:00<00:01, 99.04it/s] 

/lustre03/project/6066577/shuhaibm/env/lib/python3.8/site-packages/sklearn/metrics/_classification.py:1344: UndefinedMetricWarning: Precision and F-score are ill-defined and being set to 0.0 in labels with no predicted samples. Use `zero_division` parameter to control this behavior.

  _warn_prf(average, modifier, msg_start, len(result))

/lustre03/project/6066577/shuhaibm/env/lib/python3.8/site-packages/sklearn/metrics/_classification.py:1344: UndefinedMetricWarning: Precision and F-score are ill-defined and being set to 0.0 in labels with no predicted samples. Use `zero_division` parameter to control this behavior.

  _warn_prf(average, modifier, msg_start, len(result))

/lustre03/project/6066577/shuhaibm/env/lib/python3.8/site-packages/sklearn/metrics/_classification.py:1344: UndefinedMetricWarning: Precision and F-score are ill-defined and being set to 0.0 in labels with no predicted samples. Use `zero_division` parameter to control this behavior.

  _warn_prf(average, modifier, msg_start, len(result))

Accuracy: 0.7047872340425532

                        precision    recall  f1-score   support

       Acknowledgement       0.75      0.84      0.79       148

           Alternation       0.88      0.79      0.83        19

            Background       0.00      0.00      0.00         1

Clarification_question       0.42      0.45      0.43        33

               Comment       0.67      0.66      0.67       165

           Conditional       0.60      0.67      0.63        18

          Continuation       0.60      0.45      0.52       113

              Contrast       0.60      0.55      0.57        44

            Correction       0.40      0.29      0.33        21

           Elaboration       0.59      0.65      0.62       101

           Explanation       0.46      0.55      0.50        31

             Narration       0.00      0.00      0.00        13

              Parallel       0.69      0.60      0.64        15

                Q_Elab       0.65      0.67      0.66        72

  Question_answer_pair       0.88      0.92      0.90       305

                Result       0.50      0.59      0.54        29

              accuracy                           0.70      1128

             macro avg       0.54      0.54      0.54      1128

          weighted avg       0.69      0.70      0.70      1128

Average accuracy = 0.7047872340425533

********** Run complete **********

********** Run - model: roberta-base, learning rate = 2e-05 **********

********** Run 2 - input question **********

Random seed = 42

                                                   

 25%|██▌       | 1273/5092 [01:19<03:39, 17.42it/s]{'loss': 2.252, 'learning_rate': 1.5000000000000002e-05, 'epoch': 1.0}

                                                   

                                                   

 50%|█████     | 2546/5092 [02:44<02:26, 17.32it/s]{'eval_loss': 2.3154799938201904, 'eval_runtime': 1.7632, 'eval_samples_per_second': 776.412, 'eval_steps_per_second': 97.548, 'epoch': 1.0}

{'loss': 2.1281, 'learning_rate': 1e-05, 'epoch': 2.0}

                                                   

                                                   

 75%|███████▌  | 3819/5092 [04:05<01:13, 17.38it/s]{'eval_loss': 2.3202016353607178, 'eval_runtime': 1.7619, 'eval_samples_per_second': 777.017, 'eval_steps_per_second': 97.624, 'epoch': 2.0}

{'loss': 2.0177, 'learning_rate': 5e-06, 'epoch': 3.0}

                                                   

                                                   

100%|██████████| 5092/5092 [05:30<00:00, 17.32it/s]{'eval_loss': 2.336942195892334, 'eval_runtime': 1.7654, 'eval_samples_per_second': 775.44, 'eval_steps_per_second': 97.426, 'epoch': 3.0}

{'loss': 1.9082, 'learning_rate': 0.0, 'epoch': 4.0}

                                                   

                                                   

{'eval_loss': 2.368180990219116, 'eval_runtime': 1.7704, 'eval_samples_per_second': 773.272, 'eval_steps_per_second': 97.153, 'epoch': 4.0}

{'train_runtime': 332.7693, 'train_samples_per_second': 122.391, 'train_steps_per_second': 15.302, 'train_loss': 2.0765193870286724, 'epoch': 4.0}

 16%|█▌        | 22/141 [00:00<00:01, 98.83it/s] 

/lustre03/project/6066577/shuhaibm/env/lib/python3.8/site-packages/sklearn/metrics/_classification.py:1344: UndefinedMetricWarning: Precision and F-score are ill-defined and being set to 0.0 in labels with no predicted samples. Use `zero_division` parameter to control this behavior.

  _warn_prf(average, modifier, msg_start, len(result))

/lustre03/project/6066577/shuhaibm/env/lib/python3.8/site-packages/sklearn/metrics/_classification.py:1344: UndefinedMetricWarning: Precision and F-score are ill-defined and being set to 0.0 in labels with no predicted samples. Use `zero_division` parameter to control this behavior.

  _warn_prf(average, modifier, msg_start, len(result))

/lustre03/project/6066577/shuhaibm/env/lib/python3.8/site-packages/sklearn/metrics/_classification.py:1344: UndefinedMetricWarning: Precision and F-score are ill-defined and being set to 0.0 in labels with no predicted samples. Use `zero_division` parameter to control this behavior.

  _warn_prf(average, modifier, msg_start, len(result))

Accuracy: 0.2828014184397163

                        precision    recall  f1-score   support

       Acknowledgement       0.25      0.16      0.20       148

           Alternation       0.00      0.00      0.00        19

            Background       0.00      0.00      0.00         1

Clarification_question       0.00      0.00      0.00        33

               Comment       0.23      0.68      0.35       165

           Conditional       0.50      0.06      0.10        18

          Continuation       0.21      0.05      0.09       113

              Contrast       0.21      0.07      0.10        44

            Correction       0.00      0.00      0.00        21

           Elaboration       0.19      0.15      0.17       101

           Explanation       0.43      0.10      0.16        31

             Narration       0.00      0.00      0.00        13

              Parallel       0.00      0.00      0.00        15

                Q_Elab       0.11      0.03      0.04        72

  Question_answer_pair       0.38      0.49      0.43       305

                Result       0.44      0.14      0.21        29

              accuracy                           0.28      1128

             macro avg       0.19      0.12      0.11      1128

          weighted avg       0.26      0.28      0.23      1128

Random seed = 123

                                                   

 25%|██▌       | 1273/5092 [01:19<03:39, 17.41it/s]{'loss': 2.252, 'learning_rate': 1.5000000000000002e-05, 'epoch': 1.0}

                                                   

                                                   

 50%|█████     | 2546/5092 [02:42<02:24, 17.66it/s]{'eval_loss': 2.3154799938201904, 'eval_runtime': 1.7701, 'eval_samples_per_second': 773.409, 'eval_steps_per_second': 97.17, 'epoch': 1.0}

{'loss': 2.1281, 'learning_rate': 1e-05, 'epoch': 2.0}

                                                   

                                                  

                                                   

 75%|███████▌  | 3819/5092 [04:02<01:11, 17.71it/s]{'eval_loss': 2.3202016353607178, 'eval_runtime': 1.7108, 'eval_samples_per_second': 800.229, 'eval_steps_per_second': 100.54, 'epoch': 2.0}

{'loss': 2.0177, 'learning_rate': 5e-06, 'epoch': 3.0}

                                                   

                                                  

                                                   

100%|██████████| 5092/5092 [05:26<00:00, 17.34it/s]{'eval_loss': 2.336942195892334, 'eval_runtime': 1.7082, 'eval_samples_per_second': 801.439, 'eval_steps_per_second': 100.692, 'epoch': 3.0}

{'loss': 1.9082, 'learning_rate': 0.0, 'epoch': 4.0}

                                                   

                                                   

{'eval_loss': 2.368180990219116, 'eval_runtime': 1.777, 'eval_samples_per_second': 770.416, 'eval_steps_per_second': 96.794, 'epoch': 4.0}

{'train_runtime': 328.1936, 'train_samples_per_second': 124.097, 'train_steps_per_second': 15.515, 'train_loss': 2.0765193870286724, 'epoch': 4.0}

 16%|█▌        | 22/141 [00:00<00:01, 98.95it/s] 

/lustre03/project/6066577/shuhaibm/env/lib/python3.8/site-packages/sklearn/metrics/_classification.py:1344: UndefinedMetricWarning: Precision and F-score are ill-defined and being set to 0.0 in labels with no predicted samples. Use `zero_division` parameter to control this behavior.

  _warn_prf(average, modifier, msg_start, len(result))

/lustre03/project/6066577/shuhaibm/env/lib/python3.8/site-packages/sklearn/metrics/_classification.py:1344: UndefinedMetricWarning: Precision and F-score are ill-defined and being set to 0.0 in labels with no predicted samples. Use `zero_division` parameter to control this behavior.

  _warn_prf(average, modifier, msg_start, len(result))

/lustre03/project/6066577/shuhaibm/env/lib/python3.8/site-packages/sklearn/metrics/_classification.py:1344: UndefinedMetricWarning: Precision and F-score are ill-defined and being set to 0.0 in labels with no predicted samples. Use `zero_division` parameter to control this behavior.

  _warn_prf(average, modifier, msg_start, len(result))

Accuracy: 0.2828014184397163

                        precision    recall  f1-score   support

       Acknowledgement       0.25      0.16      0.20       148

           Alternation       0.00      0.00      0.00        19

            Background       0.00      0.00      0.00         1

Clarification_question       0.00      0.00      0.00        33

               Comment       0.23      0.68      0.35       165

           Conditional       0.50      0.06      0.10        18

          Continuation       0.21      0.05      0.09       113

              Contrast       0.21      0.07      0.10        44

            Correction       0.00      0.00      0.00        21

           Elaboration       0.19      0.15      0.17       101

           Explanation       0.43      0.10      0.16        31

             Narration       0.00      0.00      0.00        13

              Parallel       0.00      0.00      0.00        15

                Q_Elab       0.11      0.03      0.04        72

  Question_answer_pair       0.38      0.49      0.43       305

                Result       0.44      0.14      0.21        29

              accuracy                           0.28      1128

             macro avg       0.19      0.12      0.11      1128

          weighted avg       0.26      0.28      0.23      1128

Random seed = 456

                                                   

 25%|██▌       | 1273/5092 [01:19<03:41, 17.28it/s]{'loss': 2.252, 'learning_rate': 1.5000000000000002e-05, 'epoch': 1.0}

                                                   

                                                   

 50%|█████     | 2546/5092 [02:43<02:27, 17.26it/s]{'eval_loss': 2.3154799938201904, 'eval_runtime': 1.8179, 'eval_samples_per_second': 753.055, 'eval_steps_per_second': 94.613, 'epoch': 1.0}

{'loss': 2.1281, 'learning_rate': 1e-05, 'epoch': 2.0}

                                                   

                                                   

 75%|███████▌  | 3819/5092 [04:03<01:13, 17.32it/s]{'eval_loss': 2.3202016353607178, 'eval_runtime': 1.7921, 'eval_samples_per_second': 763.907, 'eval_steps_per_second': 95.977, 'epoch': 2.0}

{'loss': 2.0177, 'learning_rate': 5e-06, 'epoch': 3.0}

                                                   

                                                   

100%|██████████| 5092/5092 [05:25<00:00, 17.65it/s]{'eval_loss': 2.336942195892334, 'eval_runtime': 1.8175, 'eval_samples_per_second': 753.234, 'eval_steps_per_second': 94.636, 'epoch': 3.0}

{'loss': 1.9082, 'learning_rate': 0.0, 'epoch': 4.0}

                                                  

                                                   

                                                   

{'eval_loss': 2.368180990219116, 'eval_runtime': 1.7128, 'eval_samples_per_second': 799.268, 'eval_steps_per_second': 100.419, 'epoch': 4.0}

{'train_runtime': 327.4902, 'train_samples_per_second': 124.364, 'train_steps_per_second': 15.549, 'train_loss': 2.0765193870286724, 'epoch': 4.0}

 31%|███       | 44/141 [00:00<00:00, 99.49it/s] 

/lustre03/project/6066577/shuhaibm/env/lib/python3.8/site-packages/sklearn/metrics/_classification.py:1344: UndefinedMetricWarning: Precision and F-score are ill-defined and being set to 0.0 in labels with no predicted samples. Use `zero_division` parameter to control this behavior.

  _warn_prf(average, modifier, msg_start, len(result))

/lustre03/project/6066577/shuhaibm/env/lib/python3.8/site-packages/sklearn/metrics/_classification.py:1344: UndefinedMetricWarning: Precision and F-score are ill-defined and being set to 0.0 in labels with no predicted samples. Use `zero_division` parameter to control this behavior.

  _warn_prf(average, modifier, msg_start, len(result))

/lustre03/project/6066577/shuhaibm/env/lib/python3.8/site-packages/sklearn/metrics/_classification.py:1344: UndefinedMetricWarning: Precision and F-score are ill-defined and being set to 0.0 in labels with no predicted samples. Use `zero_division` parameter to control this behavior.

  _warn_prf(average, modifier, msg_start, len(result))

Accuracy: 0.2828014184397163

                        precision    recall  f1-score   support

       Acknowledgement       0.25      0.16      0.20       148

           Alternation       0.00      0.00      0.00        19

            Background       0.00      0.00      0.00         1

Clarification_question       0.00      0.00      0.00        33

               Comment       0.23      0.68      0.35       165

           Conditional       0.50      0.06      0.10        18

          Continuation       0.21      0.05      0.09       113

              Contrast       0.21      0.07      0.10        44

            Correction       0.00      0.00      0.00        21

           Elaboration       0.19      0.15      0.17       101

           Explanation       0.43      0.10      0.16        31

             Narration       0.00      0.00      0.00        13

              Parallel       0.00      0.00      0.00        15

                Q_Elab       0.11      0.03      0.04        72

  Question_answer_pair       0.38      0.49      0.43       305

                Result       0.44      0.14      0.21        29

              accuracy                           0.28      1128

             macro avg       0.19      0.12      0.11      1128

          weighted avg       0.26      0.28      0.23      1128

Average accuracy = 0.2828014184397163

********** Run complete **********

********** Run - model: roberta-base, learning rate = 2e-05 **********

********** Run 3 - input sentence pairs and question **********

Random seed = 42

                                                   

 25%|██▌       | 1273/5092 [01:30<04:10, 15.23it/s]{'loss': 1.5473, 'learning_rate': 1.5000000000000002e-05, 'epoch': 1.0}

                                                   

                                                   

 50%|█████     | 2546/5092 [03:06<02:49, 15.01it/s]{'eval_loss': 1.292077898979187, 'eval_runtime': 1.7674, 'eval_samples_per_second': 774.584, 'eval_steps_per_second': 97.318, 'epoch': 1.0}

{'loss': 1.0921, 'learning_rate': 1e-05, 'epoch': 2.0}

                                                   

                                                   

 75%|███████▌  | 3819/5092 [04:40<01:23, 15.19it/s]{'eval_loss': 1.1344856023788452, 'eval_runtime': 1.7734, 'eval_samples_per_second': 771.983, 'eval_steps_per_second': 96.991, 'epoch': 2.0}

{'loss': 0.858, 'learning_rate': 5e-06, 'epoch': 3.0}

                                                   

                                                   

100%|██████████| 5092/5092 [06:16<00:00, 14.94it/s]{'eval_loss': 1.1281269788742065, 'eval_runtime': 1.833, 'eval_samples_per_second': 746.875, 'eval_steps_per_second': 93.837, 'epoch': 3.0}

{'loss': 0.6958, 'learning_rate': 0.0, 'epoch': 4.0}

                                                   

                                                   

{'eval_loss': 1.13947331905365, 'eval_runtime': 1.8197, 'eval_samples_per_second': 752.328, 'eval_steps_per_second': 94.522, 'epoch': 4.0}

{'train_runtime': 378.5304, 'train_samples_per_second': 107.595, 'train_steps_per_second': 13.452, 'train_loss': 1.0483047353500283, 'epoch': 4.0}

 16%|█▌        | 22/141 [00:00<00:01, 97.09it/s] 

/lustre03/project/6066577/shuhaibm/env/lib/python3.8/site-packages/sklearn/metrics/_classification.py:1344: UndefinedMetricWarning: Precision and F-score are ill-defined and being set to 0.0 in labels with no predicted samples. Use `zero_division` parameter to control this behavior.

  _warn_prf(average, modifier, msg_start, len(result))

/lustre03/project/6066577/shuhaibm/env/lib/python3.8/site-packages/sklearn/metrics/_classification.py:1344: UndefinedMetricWarning: Precision and F-score are ill-defined and being set to 0.0 in labels with no predicted samples. Use `zero_division` parameter to control this behavior.

  _warn_prf(average, modifier, msg_start, len(result))

/lustre03/project/6066577/shuhaibm/env/lib/python3.8/site-packages/sklearn/metrics/_classification.py:1344: UndefinedMetricWarning: Precision and F-score are ill-defined and being set to 0.0 in labels with no predicted samples. Use `zero_division` parameter to control this behavior.

  _warn_prf(average, modifier, msg_start, len(result))

Accuracy: 0.7163120567375887

                        precision    recall  f1-score   support

       Acknowledgement       0.75      0.87      0.80       148

           Alternation       0.88      0.79      0.83        19

            Background       0.00      0.00      0.00         1

Clarification_question       0.45      0.45      0.45        33

               Comment       0.70      0.70      0.70       165

           Conditional       0.54      0.78      0.64        18

          Continuation       0.64      0.55      0.59       113

              Contrast       0.51      0.41      0.46        44

            Correction       0.40      0.29      0.33        21

           Elaboration       0.65      0.61      0.63       101

           Explanation       0.51      0.65      0.57        31

             Narration       0.00      0.00      0.00        13

              Parallel       0.67      0.53      0.59        15

                Q_Elab       0.64      0.68      0.66        72

  Question_answer_pair       0.90      0.91      0.90       305

                Result       0.52      0.59      0.55        29

              accuracy                           0.72      1128

             macro avg       0.55      0.55      0.54      1128

          weighted avg       0.71      0.72      0.71      1128

Random seed = 123

                                                   

 25%|██▌       | 1273/5092 [01:30<04:15, 14.94it/s]{'loss': 1.5473, 'learning_rate': 1.5000000000000002e-05, 'epoch': 1.0}

                                                   

                                                   

 50%|█████     | 2546/5092 [03:07<02:48, 15.14it/s]{'eval_loss': 1.292077898979187, 'eval_runtime': 1.8134, 'eval_samples_per_second': 754.916, 'eval_steps_per_second': 94.847, 'epoch': 1.0}

{'loss': 1.0921, 'learning_rate': 1e-05, 'epoch': 2.0}

                                                   

                                                   

 75%|███████▌  | 3819/5092 [04:40<01:25, 14.97it/s]{'eval_loss': 1.1344856023788452, 'eval_runtime': 1.8205, 'eval_samples_per_second': 751.996, 'eval_steps_per_second': 94.48, 'epoch': 2.0}

{'loss': 0.858, 'learning_rate': 5e-06, 'epoch': 3.0}

                                                   

                                                   

100%|██████████| 5092/5092 [06:17<00:00, 15.16it/s]{'eval_loss': 1.1281269788742065, 'eval_runtime': 1.8224, 'eval_samples_per_second': 751.21, 'eval_steps_per_second': 94.381, 'epoch': 3.0}

{'loss': 0.6958, 'learning_rate': 0.0, 'epoch': 4.0}

                                                   

                                                   

{'eval_loss': 1.13947331905365, 'eval_runtime': 1.8572, 'eval_samples_per_second': 737.15, 'eval_steps_per_second': 92.615, 'epoch': 4.0}

{'train_runtime': 379.7787, 'train_samples_per_second': 107.241, 'train_steps_per_second': 13.408, 'train_loss': 1.0483047353500283, 'epoch': 4.0}

 16%|█▌        | 22/141 [00:00<00:01, 98.33it/s] 

/lustre03/project/6066577/shuhaibm/env/lib/python3.8/site-packages/sklearn/metrics/_classification.py:1344: UndefinedMetricWarning: Precision and F-score are ill-defined and being set to 0.0 in labels with no predicted samples. Use `zero_division` parameter to control this behavior.

  _warn_prf(average, modifier, msg_start, len(result))

/lustre03/project/6066577/shuhaibm/env/lib/python3.8/site-packages/sklearn/metrics/_classification.py:1344: UndefinedMetricWarning: Precision and F-score are ill-defined and being set to 0.0 in labels with no predicted samples. Use `zero_division` parameter to control this behavior.

  _warn_prf(average, modifier, msg_start, len(result))

/lustre03/project/6066577/shuhaibm/env/lib/python3.8/site-packages/sklearn/metrics/_classification.py:1344: UndefinedMetricWarning: Precision and F-score are ill-defined and being set to 0.0 in labels with no predicted samples. Use `zero_division` parameter to control this behavior.

  _warn_prf(average, modifier, msg_start, len(result))

Accuracy: 0.7163120567375887

                        precision    recall  f1-score   support

       Acknowledgement       0.75      0.87      0.80       148

           Alternation       0.88      0.79      0.83        19

            Background       0.00      0.00      0.00         1

Clarification_question       0.45      0.45      0.45        33

               Comment       0.70      0.70      0.70       165

           Conditional       0.54      0.78      0.64        18

          Continuation       0.64      0.55      0.59       113

              Contrast       0.51      0.41      0.46        44

            Correction       0.40      0.29      0.33        21

           Elaboration       0.65      0.61      0.63       101

           Explanation       0.51      0.65      0.57        31

             Narration       0.00      0.00      0.00        13

              Parallel       0.67      0.53      0.59        15

                Q_Elab       0.64      0.68      0.66        72

  Question_answer_pair       0.90      0.91      0.90       305

                Result       0.52      0.59      0.55        29

              accuracy                           0.72      1128

             macro avg       0.55      0.55      0.54      1128

          weighted avg       0.71      0.72      0.71      1128

Random seed = 456

                                                   

 25%|██▌       | 1273/5092 [01:31<04:14, 15.01it/s]{'loss': 1.5473, 'learning_rate': 1.5000000000000002e-05, 'epoch': 1.0}

                                                   

                                                   

 50%|█████     | 2546/5092 [03:07<02:48, 15.13it/s]{'eval_loss': 1.292077898979187, 'eval_runtime': 1.8252, 'eval_samples_per_second': 750.044, 'eval_steps_per_second': 94.235, 'epoch': 1.0}

{'loss': 1.0921, 'learning_rate': 1e-05, 'epoch': 2.0}

                                                   

                                                   

 75%|███████▌  | 3819/5092 [04:40<01:24, 15.00it/s]{'eval_loss': 1.1344856023788452, 'eval_runtime': 1.8181, 'eval_samples_per_second': 752.992, 'eval_steps_per_second': 94.605, 'epoch': 2.0}

{'loss': 0.858, 'learning_rate': 5e-06, 'epoch': 3.0}

                                                   

                                                   

100%|██████████| 5092/5092 [06:17<00:00, 15.18it/s]{'eval_loss': 1.1281269788742065, 'eval_runtime': 1.8556, 'eval_samples_per_second': 737.764, 'eval_steps_per_second': 92.692, 'epoch': 3.0}

{'loss': 0.6958, 'learning_rate': 0.0, 'epoch': 4.0}

                                                   

                                                   

{'eval_loss': 1.13947331905365, 'eval_runtime': 1.8122, 'eval_samples_per_second': 755.419, 'eval_steps_per_second': 94.91, 'epoch': 4.0}

{'train_runtime': 379.289, 'train_samples_per_second': 107.38, 'train_steps_per_second': 13.425, 'train_loss': 1.0483047353500283, 'epoch': 4.0}

 16%|█▌        | 22/141 [00:00<00:01, 98.79it/s] 

/lustre03/project/6066577/shuhaibm/env/lib/python3.8/site-packages/sklearn/metrics/_classification.py:1344: UndefinedMetricWarning: Precision and F-score are ill-defined and being set to 0.0 in labels with no predicted samples. Use `zero_division` parameter to control this behavior.

  _warn_prf(average, modifier, msg_start, len(result))

/lustre03/project/6066577/shuhaibm/env/lib/python3.8/site-packages/sklearn/metrics/_classification.py:1344: UndefinedMetricWarning: Precision and F-score are ill-defined and being set to 0.0 in labels with no predicted samples. Use `zero_division` parameter to control this behavior.

  _warn_prf(average, modifier, msg_start, len(result))

/lustre03/project/6066577/shuhaibm/env/lib/python3.8/site-packages/sklearn/metrics/_classification.py:1344: UndefinedMetricWarning: Precision and F-score are ill-defined and being set to 0.0 in labels with no predicted samples. Use `zero_division` parameter to control this behavior.

  _warn_prf(average, modifier, msg_start, len(result))

Accuracy: 0.7163120567375887

                        precision    recall  f1-score   support

       Acknowledgement       0.75      0.87      0.80       148

           Alternation       0.88      0.79      0.83        19

            Background       0.00      0.00      0.00         1

Clarification_question       0.45      0.45      0.45        33

               Comment       0.70      0.70      0.70       165

           Conditional       0.54      0.78      0.64        18

          Continuation       0.64      0.55      0.59       113

              Contrast       0.51      0.41      0.46        44

            Correction       0.40      0.29      0.33        21

           Elaboration       0.65      0.61      0.63       101

           Explanation       0.51      0.65      0.57        31

             Narration       0.00      0.00      0.00        13

              Parallel       0.67      0.53      0.59        15

                Q_Elab       0.64      0.68      0.66        72

  Question_answer_pair       0.90      0.91      0.90       305

                Result       0.52      0.59      0.55        29

              accuracy                           0.72      1128

             macro avg       0.55      0.55      0.54      1128

          weighted avg       0.71      0.72      0.71      1128

Average accuracy = 0.7163120567375887

********** Run complete **********

********** Run - model: roberta-base, learning rate = 2e-05 **********

********** Run 4 - masked speakers, input sentence pairs and question **********

Random seed = 42

                                                   

 25%|██▌       | 1273/5092 [01:31<04:09, 15.29it/s]{'loss': 1.5424, 'learning_rate': 1.5000000000000002e-05, 'epoch': 1.0}

                                                   

                                                   

 50%|█████     | 2546/5092 [03:07<02:49, 15.03it/s]{'eval_loss': 1.8148294687271118, 'eval_runtime': 1.8444, 'eval_samples_per_second': 742.249, 'eval_steps_per_second': 93.256, 'epoch': 1.0}

{'loss': 1.0862, 'learning_rate': 1e-05, 'epoch': 2.0}

                                                   

                                                   

 75%|███████▌  | 3819/5092 [04:40<01:23, 15.18it/s]{'eval_loss': 2.144183874130249, 'eval_runtime': 1.8475, 'eval_samples_per_second': 741.01, 'eval_steps_per_second': 93.1, 'epoch': 2.0}

{'loss': 0.8507, 'learning_rate': 5e-06, 'epoch': 3.0}

                                                   

                                                   

100%|██████████| 5092/5092 [06:16<00:00, 15.07it/s]{'eval_loss': 2.20918869972229, 'eval_runtime': 1.8509, 'eval_samples_per_second': 739.634, 'eval_steps_per_second': 92.927, 'epoch': 3.0}

{'loss': 0.6784, 'learning_rate': 0.0, 'epoch': 4.0}

                                                   

                                                   

{'eval_loss': 2.362407922744751, 'eval_runtime': 1.8488, 'eval_samples_per_second': 740.472, 'eval_steps_per_second': 93.032, 'epoch': 4.0}

{'train_runtime': 378.594, 'train_samples_per_second': 107.577, 'train_steps_per_second': 13.45, 'train_loss': 1.0394412967415185, 'epoch': 4.0}

 16%|█▌        | 22/141 [00:00<00:01, 95.87it/s] 

/lustre03/project/6066577/shuhaibm/env/lib/python3.8/site-packages/sklearn/metrics/_classification.py:1344: UndefinedMetricWarning: Precision and F-score are ill-defined and being set to 0.0 in labels with no predicted samples. Use `zero_division` parameter to control this behavior.

  _warn_prf(average, modifier, msg_start, len(result))

/lustre03/project/6066577/shuhaibm/env/lib/python3.8/site-packages/sklearn/metrics/_classification.py:1344: UndefinedMetricWarning: Precision and F-score are ill-defined and being set to 0.0 in labels with no predicted samples. Use `zero_division` parameter to control this behavior.

  _warn_prf(average, modifier, msg_start, len(result))

/lustre03/project/6066577/shuhaibm/env/lib/python3.8/site-packages/sklearn/metrics/_classification.py:1344: UndefinedMetricWarning: Precision and F-score are ill-defined and being set to 0.0 in labels with no predicted samples. Use `zero_division` parameter to control this behavior.

  _warn_prf(average, modifier, msg_start, len(result))

Accuracy: 0.37145390070921985

                        precision    recall  f1-score   support

       Acknowledgement       0.89      0.05      0.10       148

           Alternation       0.79      0.79      0.79        19

            Background       0.00      0.00      0.00         1

Clarification_question       0.48      0.39      0.43        33

               Comment       0.56      0.59      0.58       165

           Conditional       0.43      0.67      0.52        18

          Continuation       0.28      0.65      0.39       113

              Contrast       0.41      0.45      0.43        44

            Correction       0.04      0.24      0.07        21

           Elaboration       0.28      0.61      0.39       101

           Explanation       0.35      0.65      0.45        31

             Narration       0.00      0.00      0.00        13

              Parallel       0.75      0.40      0.52        15

                Q_Elab       0.72      0.46      0.56        72

  Question_answer_pair       0.89      0.14      0.24       305

                Result       0.22      0.38      0.28        29

              accuracy                           0.37      1128

             macro avg       0.44      0.40      0.36      1128

          weighted avg       0.62      0.37      0.35      1128

Random seed = 123

                                                   

 25%|██▌       | 1273/5092 [01:30<04:13, 15.06it/s]{'loss': 1.5424, 'learning_rate': 1.5000000000000002e-05, 'epoch': 1.0}

                                                   

                                                   

 50%|█████     | 2546/5092 [03:06<02:46, 15.30it/s]{'eval_loss': 1.8148294687271118, 'eval_runtime': 1.8556, 'eval_samples_per_second': 737.778, 'eval_steps_per_second': 92.694, 'epoch': 1.0}

{'loss': 1.0862, 'learning_rate': 1e-05, 'epoch': 2.0}

                                                   

                                                   

 75%|███████▌  | 3819/5092 [04:38<01:23, 15.17it/s]{'eval_loss': 2.144183874130249, 'eval_runtime': 1.8496, 'eval_samples_per_second': 740.146, 'eval_steps_per_second': 92.991, 'epoch': 2.0}

{'loss': 0.8507, 'learning_rate': 5e-06, 'epoch': 3.0}

                                                   

                                                   

100%|██████████| 5092/5092 [06:13<00:00, 15.25it/s]{'eval_loss': 2.20918869972229, 'eval_runtime': 1.8478, 'eval_samples_per_second': 740.864, 'eval_steps_per_second': 93.082, 'epoch': 3.0}

{'loss': 0.6784, 'learning_rate': 0.0, 'epoch': 4.0}

                                                   

                                                   

{'eval_loss': 2.362407922744751, 'eval_runtime': 1.855, 'eval_samples_per_second': 738.016, 'eval_steps_per_second': 92.724, 'epoch': 4.0}

{'train_runtime': 375.7097, 'train_samples_per_second': 108.403, 'train_steps_per_second': 13.553, 'train_loss': 1.0394412967415185, 'epoch': 4.0}

 16%|█▌        | 22/141 [00:00<00:01, 96.52it/s] 

/lustre03/project/6066577/shuhaibm/env/lib/python3.8/site-packages/sklearn/metrics/_classification.py:1344: UndefinedMetricWarning: Precision and F-score are ill-defined and being set to 0.0 in labels with no predicted samples. Use `zero_division` parameter to control this behavior.

  _warn_prf(average, modifier, msg_start, len(result))

/lustre03/project/6066577/shuhaibm/env/lib/python3.8/site-packages/sklearn/metrics/_classification.py:1344: UndefinedMetricWarning: Precision and F-score are ill-defined and being set to 0.0 in labels with no predicted samples. Use `zero_division` parameter to control this behavior.

  _warn_prf(average, modifier, msg_start, len(result))

/lustre03/project/6066577/shuhaibm/env/lib/python3.8/site-packages/sklearn/metrics/_classification.py:1344: UndefinedMetricWarning: Precision and F-score are ill-defined and being set to 0.0 in labels with no predicted samples. Use `zero_division` parameter to control this behavior.

  _warn_prf(average, modifier, msg_start, len(result))

Accuracy: 0.37145390070921985

                        precision    recall  f1-score   support

       Acknowledgement       0.89      0.05      0.10       148

           Alternation       0.79      0.79      0.79        19

            Background       0.00      0.00      0.00         1

Clarification_question       0.48      0.39      0.43        33

               Comment       0.56      0.59      0.58       165

           Conditional       0.43      0.67      0.52        18

          Continuation       0.28      0.65      0.39       113

              Contrast       0.41      0.45      0.43        44

            Correction       0.04      0.24      0.07        21

           Elaboration       0.28      0.61      0.39       101

           Explanation       0.35      0.65      0.45        31

             Narration       0.00      0.00      0.00        13

              Parallel       0.75      0.40      0.52        15

                Q_Elab       0.72      0.46      0.56        72

  Question_answer_pair       0.89      0.14      0.24       305

                Result       0.22      0.38      0.28        29

              accuracy                           0.37      1128

             macro avg       0.44      0.40      0.36      1128

          weighted avg       0.62      0.37      0.35      1128

Random seed = 456

                                                   

 25%|██▌       | 1273/5092 [01:31<04:13, 15.07it/s]{'loss': 1.5424, 'learning_rate': 1.5000000000000002e-05, 'epoch': 1.0}

                                                   

                                                   

 50%|█████     | 2546/5092 [03:06<02:47, 15.20it/s]{'eval_loss': 1.8148294687271118, 'eval_runtime': 1.8542, 'eval_samples_per_second': 738.335, 'eval_steps_per_second': 92.764, 'epoch': 1.0}

{'loss': 1.0862, 'learning_rate': 1e-05, 'epoch': 2.0}

                                                   

                                                   

 75%|███████▌  | 3819/5092 [04:39<01:24, 15.14it/s]{'eval_loss': 2.144183874130249, 'eval_runtime': 1.8548, 'eval_samples_per_second': 738.094, 'eval_steps_per_second': 92.733, 'epoch': 2.0}

{'loss': 0.8507, 'learning_rate': 5e-06, 'epoch': 3.0}

                                                   

                                                   

100%|██████████| 5092/5092 [06:14<00:00, 15.16it/s]{'eval_loss': 2.20918869972229, 'eval_runtime': 1.8515, 'eval_samples_per_second': 739.411, 'eval_steps_per_second': 92.899, 'epoch': 3.0}

{'loss': 0.6784, 'learning_rate': 0.0, 'epoch': 4.0}

                                                   

                                                   

{'eval_loss': 2.362407922744751, 'eval_runtime': 1.8515, 'eval_samples_per_second': 739.413, 'eval_steps_per_second': 92.899, 'epoch': 4.0}

{'train_runtime': 376.3188, 'train_samples_per_second': 108.227, 'train_steps_per_second': 13.531, 'train_loss': 1.0394412967415185, 'epoch': 4.0}

 23%|██▎       | 33/141 [00:00<00:01, 97.96it/s] 

/lustre03/project/6066577/shuhaibm/env/lib/python3.8/site-packages/sklearn/metrics/_classification.py:1344: UndefinedMetricWarning: Precision and F-score are ill-defined and being set to 0.0 in labels with no predicted samples. Use `zero_division` parameter to control this behavior.

  _warn_prf(average, modifier, msg_start, len(result))

/lustre03/project/6066577/shuhaibm/env/lib/python3.8/site-packages/sklearn/metrics/_classification.py:1344: UndefinedMetricWarning: Precision and F-score are ill-defined and being set to 0.0 in labels with no predicted samples. Use `zero_division` parameter to control this behavior.

  _warn_prf(average, modifier, msg_start, len(result))

/lustre03/project/6066577/shuhaibm/env/lib/python3.8/site-packages/sklearn/metrics/_classification.py:1344: UndefinedMetricWarning: Precision and F-score are ill-defined and being set to 0.0 in labels with no predicted samples. Use `zero_division` parameter to control this behavior.

  _warn_prf(average, modifier, msg_start, len(result))

Accuracy: 0.37145390070921985

                        precision    recall  f1-score   support

       Acknowledgement       0.89      0.05      0.10       148

           Alternation       0.79      0.79      0.79        19

            Background       0.00      0.00      0.00         1

Clarification_question       0.48      0.39      0.43        33

               Comment       0.56      0.59      0.58       165

           Conditional       0.43      0.67      0.52        18

          Continuation       0.28      0.65      0.39       113

              Contrast       0.41      0.45      0.43        44

            Correction       0.04      0.24      0.07        21

           Elaboration       0.28      0.61      0.39       101

           Explanation       0.35      0.65      0.45        31

             Narration       0.00      0.00      0.00        13

              Parallel       0.75      0.40      0.52        15

                Q_Elab       0.72      0.46      0.56        72

  Question_answer_pair       0.89      0.14      0.24       305

                Result       0.22      0.38      0.28        29

              accuracy                           0.37      1128

             macro avg       0.44      0.40      0.36      1128

          weighted avg       0.62      0.37      0.35      1128

Average accuracy = 0.37145390070921985

********** Run complete **********

********** Run - model: roberta-base, learning rate = 2e-05 **********

********** Run 5 - input sentence pairs, distance and question **********

Random seed = 42

                                                   

 25%|██▌       | 1273/5092 [01:30<04:08, 15.35it/s]{'loss': 1.6543, 'learning_rate': 1.5000000000000002e-05, 'epoch': 1.0}

                                                   

                                                   

 50%|█████     | 2546/5092 [03:06<02:48, 15.13it/s]{'eval_loss': 1.3759640455245972, 'eval_runtime': 1.8741, 'eval_samples_per_second': 730.499, 'eval_steps_per_second': 91.779, 'epoch': 1.0}

{'loss': 1.1917, 'learning_rate': 1e-05, 'epoch': 2.0}

                                                   

                                                   

 75%|███████▌  | 3819/5092 [04:38<01:22, 15.52it/s]{'eval_loss': 1.2321518659591675, 'eval_runtime': 1.8837, 'eval_samples_per_second': 726.779, 'eval_steps_per_second': 91.312, 'epoch': 2.0}

{'loss': 0.9609, 'learning_rate': 5e-06, 'epoch': 3.0}

                                                   

                                                   

100%|██████████| 5092/5092 [06:12<00:00, 15.31it/s]{'eval_loss': 1.2014639377593994, 'eval_runtime': 2.0172, 'eval_samples_per_second': 678.652, 'eval_steps_per_second': 85.265, 'epoch': 3.0}

{'loss': 0.7824, 'learning_rate': 0.0, 'epoch': 4.0}

                                                   

                                                   

{'eval_loss': 1.212949275970459, 'eval_runtime': 1.9019, 'eval_samples_per_second': 719.796, 'eval_steps_per_second': 90.435, 'epoch': 4.0}

{'train_runtime': 374.866, 'train_samples_per_second': 108.647, 'train_steps_per_second': 13.584, 'train_loss': 1.1473231289392367, 'epoch': 4.0}

 16%|█▌        | 22/141 [00:00<00:01, 99.01it/s] 

/lustre03/project/6066577/shuhaibm/env/lib/python3.8/site-packages/sklearn/metrics/_classification.py:1344: UndefinedMetricWarning: Precision and F-score are ill-defined and being set to 0.0 in labels with no predicted samples. Use `zero_division` parameter to control this behavior.

  _warn_prf(average, modifier, msg_start, len(result))

/lustre03/project/6066577/shuhaibm/env/lib/python3.8/site-packages/sklearn/metrics/_classification.py:1344: UndefinedMetricWarning: Precision and F-score are ill-defined and being set to 0.0 in labels with no predicted samples. Use `zero_division` parameter to control this behavior.

  _warn_prf(average, modifier, msg_start, len(result))

/lustre03/project/6066577/shuhaibm/env/lib/python3.8/site-packages/sklearn/metrics/_classification.py:1344: UndefinedMetricWarning: Precision and F-score are ill-defined and being set to 0.0 in labels with no predicted samples. Use `zero_division` parameter to control this behavior.

  _warn_prf(average, modifier, msg_start, len(result))

Accuracy: 0.6728723404255319

                        precision    recall  f1-score   support

       Acknowledgement       0.72      0.80      0.76       148

           Alternation       0.94      0.79      0.86        19

            Background       0.00      0.00      0.00         1

Clarification_question       0.49      0.61      0.54        33

               Comment       0.65      0.60      0.62       165

           Conditional       0.65      0.72      0.68        18

          Continuation       0.51      0.39      0.44       113

              Contrast       0.48      0.48      0.48        44

            Correction       0.33      0.24      0.28        21

           Elaboration       0.57      0.60      0.59       101

           Explanation       0.50      0.58      0.54        31

             Narration       0.00      0.00      0.00        13

              Parallel       0.69      0.60      0.64        15

                Q_Elab       0.57      0.67      0.62        72

  Question_answer_pair       0.87      0.90      0.89       305

                Result       0.39      0.48      0.43        29

              accuracy                           0.67      1128

             macro avg       0.52      0.53      0.52      1128

          weighted avg       0.66      0.67      0.67      1128

Random seed = 123

                                                   

 25%|██▌       | 1273/5092 [01:29<04:08, 15.37it/s]{'loss': 1.6543, 'learning_rate': 1.5000000000000002e-05, 'epoch': 1.0}

                                                   

                                                   

 50%|█████     | 2546/5092 [03:03<02:45, 15.40it/s]{'eval_loss': 1.3759640455245972, 'eval_runtime': 1.8768, 'eval_samples_per_second': 729.448, 'eval_steps_per_second': 91.647, 'epoch': 1.0}

{'loss': 1.1917, 'learning_rate': 1e-05, 'epoch': 2.0}

                                                   

                                                   

 75%|███████▌  | 3819/5092 [04:35<01:23, 15.24it/s]{'eval_loss': 1.2321518659591675, 'eval_runtime': 1.8811, 'eval_samples_per_second': 727.76, 'eval_steps_per_second': 91.435, 'epoch': 2.0}

{'loss': 0.9609, 'learning_rate': 5e-06, 'epoch': 3.0}

                                                   

                                                   

100%|██████████| 5092/5092 [06:10<00:00, 15.43it/s]{'eval_loss': 1.2014639377593994, 'eval_runtime': 1.8821, 'eval_samples_per_second': 727.364, 'eval_steps_per_second': 91.385, 'epoch': 3.0}

{'loss': 0.7824, 'learning_rate': 0.0, 'epoch': 4.0}

                                                   

                                                   

{'eval_loss': 1.212949275970459, 'eval_runtime': 1.9104, 'eval_samples_per_second': 716.62, 'eval_steps_per_second': 90.036, 'epoch': 4.0}

{'train_runtime': 372.3447, 'train_samples_per_second': 109.383, 'train_steps_per_second': 13.675, 'train_loss': 1.1473231289392367, 'epoch': 4.0}

 16%|█▌        | 22/141 [00:00<00:01, 98.90it/s] 

/lustre03/project/6066577/shuhaibm/env/lib/python3.8/site-packages/sklearn/metrics/_classification.py:1344: UndefinedMetricWarning: Precision and F-score are ill-defined and being set to 0.0 in labels with no predicted samples. Use `zero_division` parameter to control this behavior.

  _warn_prf(average, modifier, msg_start, len(result))

/lustre03/project/6066577/shuhaibm/env/lib/python3.8/site-packages/sklearn/metrics/_classification.py:1344: UndefinedMetricWarning: Precision and F-score are ill-defined and being set to 0.0 in labels with no predicted samples. Use `zero_division` parameter to control this behavior.

  _warn_prf(average, modifier, msg_start, len(result))

/lustre03/project/6066577/shuhaibm/env/lib/python3.8/site-packages/sklearn/metrics/_classification.py:1344: UndefinedMetricWarning: Precision and F-score are ill-defined and being set to 0.0 in labels with no predicted samples. Use `zero_division` parameter to control this behavior.

  _warn_prf(average, modifier, msg_start, len(result))

Accuracy: 0.6728723404255319

                        precision    recall  f1-score   support

       Acknowledgement       0.72      0.80      0.76       148

           Alternation       0.94      0.79      0.86        19

            Background       0.00      0.00      0.00         1

Clarification_question       0.49      0.61      0.54        33

               Comment       0.65      0.60      0.62       165

           Conditional       0.65      0.72      0.68        18

          Continuation       0.51      0.39      0.44       113

              Contrast       0.48      0.48      0.48        44

            Correction       0.33      0.24      0.28        21

           Elaboration       0.57      0.60      0.59       101

           Explanation       0.50      0.58      0.54        31

             Narration       0.00      0.00      0.00        13

              Parallel       0.69      0.60      0.64        15

                Q_Elab       0.57      0.67      0.62        72

  Question_answer_pair       0.87      0.90      0.89       305

                Result       0.39      0.48      0.43        29

              accuracy                           0.67      1128

             macro avg       0.52      0.53      0.52      1128

          weighted avg       0.66      0.67      0.67      1128

Random seed = 456

                                                   

 25%|██▌       | 1273/5092 [01:29<04:10, 15.26it/s]{'loss': 1.6543, 'learning_rate': 1.5000000000000002e-05, 'epoch': 1.0}

                                                   

                                                   

 50%|█████     | 2546/5092 [03:04<02:46, 15.32it/s]{'eval_loss': 1.3759640455245972, 'eval_runtime': 1.8837, 'eval_samples_per_second': 726.767, 'eval_steps_per_second': 91.31, 'epoch': 1.0}

{'loss': 1.1917, 'learning_rate': 1e-05, 'epoch': 2.0}

                                                   

                                                   

 75%|███████▌  | 3819/5092 [04:36<01:23, 15.19it/s]{'eval_loss': 1.2321518659591675, 'eval_runtime': 1.8929, 'eval_samples_per_second': 723.247, 'eval_steps_per_second': 90.868, 'epoch': 2.0}

{'loss': 0.9609, 'learning_rate': 5e-06, 'epoch': 3.0}

                                                   

                                                   

100%|██████████| 5092/5092 [06:11<00:00, 15.32it/s]{'eval_loss': 1.2014639377593994, 'eval_runtime': 1.8858, 'eval_samples_per_second': 725.962, 'eval_steps_per_second': 91.209, 'epoch': 3.0}

{'loss': 0.7824, 'learning_rate': 0.0, 'epoch': 4.0}

                                                   

                                                   

{'eval_loss': 1.212949275970459, 'eval_runtime': 1.8842, 'eval_samples_per_second': 726.558, 'eval_steps_per_second': 91.284, 'epoch': 4.0}

{'train_runtime': 373.287, 'train_samples_per_second': 109.106, 'train_steps_per_second': 13.641, 'train_loss': 1.1473231289392367, 'epoch': 4.0}

 16%|█▌        | 22/141 [00:00<00:01, 97.62it/s] 

/lustre03/project/6066577/shuhaibm/env/lib/python3.8/site-packages/sklearn/metrics/_classification.py:1344: UndefinedMetricWarning: Precision and F-score are ill-defined and being set to 0.0 in labels with no predicted samples. Use `zero_division` parameter to control this behavior.

  _warn_prf(average, modifier, msg_start, len(result))

/lustre03/project/6066577/shuhaibm/env/lib/python3.8/site-packages/sklearn/metrics/_classification.py:1344: UndefinedMetricWarning: Precision and F-score are ill-defined and being set to 0.0 in labels with no predicted samples. Use `zero_division` parameter to control this behavior.

  _warn_prf(average, modifier, msg_start, len(result))

/lustre03/project/6066577/shuhaibm/env/lib/python3.8/site-packages/sklearn/metrics/_classification.py:1344: UndefinedMetricWarning: Precision and F-score are ill-defined and being set to 0.0 in labels with no predicted samples. Use `zero_division` parameter to control this behavior.

  _warn_prf(average, modifier, msg_start, len(result))

Accuracy: 0.6728723404255319

                        precision    recall  f1-score   support

       Acknowledgement       0.72      0.80      0.76       148

           Alternation       0.94      0.79      0.86        19

            Background       0.00      0.00      0.00         1

Clarification_question       0.49      0.61      0.54        33

               Comment       0.65      0.60      0.62       165

           Conditional       0.65      0.72      0.68        18

          Continuation       0.51      0.39      0.44       113

              Contrast       0.48      0.48      0.48        44

            Correction       0.33      0.24      0.28        21

           Elaboration       0.57      0.60      0.59       101

           Explanation       0.50      0.58      0.54        31

             Narration       0.00      0.00      0.00        13

              Parallel       0.69      0.60      0.64        15

                Q_Elab       0.57      0.67      0.62        72

  Question_answer_pair       0.87      0.90      0.89       305

                Result       0.39      0.48      0.43        29

              accuracy                           0.67      1128

             macro avg       0.52      0.53      0.52      1128

          weighted avg       0.66      0.67      0.67      1128

Average accuracy = 0.6728723404255318

********** Run complete **********

********** Run - model: roberta-base, learning rate = 2e-05 **********

********** Run 6 - masked speakers, input sentence pairs, distance and question **********

Random seed = 42

                                                   

 25%|██▌       | 1273/5092 [01:30<04:08, 15.37it/s]{'loss': 1.6654, 'learning_rate': 1.5000000000000002e-05, 'epoch': 1.0}

                                                   

                                                   

 50%|█████     | 2546/5092 [03:06<02:47, 15.22it/s]{'eval_loss': 1.3940696716308594, 'eval_runtime': 1.8763, 'eval_samples_per_second': 729.613, 'eval_steps_per_second': 91.668, 'epoch': 1.0}

{'loss': 1.2049, 'learning_rate': 1e-05, 'epoch': 2.0}

                                                   

                                                   

 75%|███████▌  | 3819/5092 [04:37<01:22, 15.51it/s]{'eval_loss': 1.2290316820144653, 'eval_runtime': 1.8833, 'eval_samples_per_second': 726.905, 'eval_steps_per_second': 91.328, 'epoch': 2.0}

{'loss': 0.9729, 'learning_rate': 5e-06, 'epoch': 3.0}

                                                   

                                                   

100%|██████████| 5092/5092 [06:12<00:00, 15.20it/s]{'eval_loss': 1.2389614582061768, 'eval_runtime': 1.8732, 'eval_samples_per_second': 730.819, 'eval_steps_per_second': 91.819, 'epoch': 3.0}

{'loss': 0.7925, 'learning_rate': 0.0, 'epoch': 4.0}

                                                   

                                                   

{'eval_loss': 1.2702751159667969, 'eval_runtime': 1.8817, 'eval_samples_per_second': 727.544, 'eval_steps_per_second': 91.408, 'epoch': 4.0}

{'train_runtime': 374.444, 'train_samples_per_second': 108.769, 'train_steps_per_second': 13.599, 'train_loss': 1.1589185740192949, 'epoch': 4.0}

/lustre03/project/6066577/shuhaibm/env/lib/python3.8/site-packages/sklearn/metrics/_classification.py:1344: UndefinedMetricWarning: Precision and F-score are ill-defined and being set to 0.0 in labels with no predicted samples. Use `zero_division` parameter to control this behavior.

  _warn_prf(average, modifier, msg_start, len(result))

/lustre03/project/6066577/shuhaibm/env/lib/python3.8/site-packages/sklearn/metrics/_classification.py:1344: UndefinedMetricWarning: Precision and F-score are ill-defined and being set to 0.0 in labels with no predicted samples. Use `zero_division` parameter to control this behavior.

  _warn_prf(average, modifier, msg_start, len(result))

/lustre03/project/6066577/shuhaibm/env/lib/python3.8/site-packages/sklearn/metrics/_classification.py:1344: UndefinedMetricWarning: Precision and F-score are ill-defined and being set to 0.0 in labels with no predicted samples. Use `zero_division` parameter to control this behavior.

  _warn_prf(average, modifier, msg_start, len(result))

Accuracy: 0.6808510638297872

                        precision    recall  f1-score   support

       Acknowledgement       0.73      0.80      0.77       148

           Alternation       0.94      0.79      0.86        19

            Background       0.00      0.00      0.00         1

Clarification_question       0.45      0.61      0.52        33

               Comment       0.66      0.66      0.66       165

           Conditional       0.60      0.67      0.63        18

          Continuation       0.54      0.42      0.48       113

              Contrast       0.50      0.45      0.48        44

            Correction       0.31      0.19      0.24        21

           Elaboration       0.57      0.58      0.58       101

           Explanation       0.45      0.55      0.49        31

             Narration       0.00      0.00      0.00        13

              Parallel       0.73      0.53      0.62        15

                Q_Elab       0.63      0.64      0.63        72

  Question_answer_pair       0.87      0.91      0.89       305

                Result       0.41      0.48      0.44        29

              accuracy                           0.68      1128

             macro avg       0.52      0.52      0.52      1128

          weighted avg       0.67      0.68      0.67      1128

Random seed = 123

                                                   

 25%|██▌       | 1273/5092 [01:29<04:13, 15.07it/s]{'loss': 1.6654, 'learning_rate': 1.5000000000000002e-05, 'epoch': 1.0}

                                                   

                                                   

 50%|█████     | 2546/5092 [03:04<02:46, 15.34it/s]{'eval_loss': 1.3940696716308594, 'eval_runtime': 1.8887, 'eval_samples_per_second': 724.853, 'eval_steps_per_second': 91.07, 'epoch': 1.0}

{'loss': 1.2049, 'learning_rate': 1e-05, 'epoch': 2.0}

                                                   

                                                   

 75%|███████▌  | 3819/5092 [04:36<01:23, 15.24it/s]{'eval_loss': 1.2290316820144653, 'eval_runtime': 1.8834, 'eval_samples_per_second': 726.876, 'eval_steps_per_second': 91.324, 'epoch': 2.0}

{'loss': 0.9729, 'learning_rate': 5e-06, 'epoch': 3.0}

                                                   

                                                   

100%|██████████| 5092/5092 [06:11<00:00, 15.42it/s]{'eval_loss': 1.2389614582061768, 'eval_runtime': 1.8881, 'eval_samples_per_second': 725.082, 'eval_steps_per_second': 91.099, 'epoch': 3.0}

{'loss': 0.7925, 'learning_rate': 0.0, 'epoch': 4.0}

                                                   

                                                   

{'eval_loss': 1.2702751159667969, 'eval_runtime': 1.9153, 'eval_samples_per_second': 714.753, 'eval_steps_per_second': 89.801, 'epoch': 4.0}

{'train_runtime': 373.0579, 'train_samples_per_second': 109.173, 'train_steps_per_second': 13.649, 'train_loss': 1.1589185740192949, 'epoch': 4.0}

 16%|█▌        | 22/141 [00:00<00:01, 95.38it/s] 

/lustre03/project/6066577/shuhaibm/env/lib/python3.8/site-packages/sklearn/metrics/_classification.py:1344: UndefinedMetricWarning: Precision and F-score are ill-defined and being set to 0.0 in labels with no predicted samples. Use `zero_division` parameter to control this behavior.

  _warn_prf(average, modifier, msg_start, len(result))

/lustre03/project/6066577/shuhaibm/env/lib/python3.8/site-packages/sklearn/metrics/_classification.py:1344: UndefinedMetricWarning: Precision and F-score are ill-defined and being set to 0.0 in labels with no predicted samples. Use `zero_division` parameter to control this behavior.

  _warn_prf(average, modifier, msg_start, len(result))

/lustre03/project/6066577/shuhaibm/env/lib/python3.8/site-packages/sklearn/metrics/_classification.py:1344: UndefinedMetricWarning: Precision and F-score are ill-defined and being set to 0.0 in labels with no predicted samples. Use `zero_division` parameter to control this behavior.

  _warn_prf(average, modifier, msg_start, len(result))

Accuracy: 0.6808510638297872

                        precision    recall  f1-score   support

       Acknowledgement       0.73      0.80      0.77       148

           Alternation       0.94      0.79      0.86        19

            Background       0.00      0.00      0.00         1

Clarification_question       0.45      0.61      0.52        33

               Comment       0.66      0.66      0.66       165

           Conditional       0.60      0.67      0.63        18

          Continuation       0.54      0.42      0.48       113

              Contrast       0.50      0.45      0.48        44

            Correction       0.31      0.19      0.24        21

           Elaboration       0.57      0.58      0.58       101

           Explanation       0.45      0.55      0.49        31

             Narration       0.00      0.00      0.00        13

              Parallel       0.73      0.53      0.62        15

                Q_Elab       0.63      0.64      0.63        72

  Question_answer_pair       0.87      0.91      0.89       305

                Result       0.41      0.48      0.44        29

              accuracy                           0.68      1128

             macro avg       0.52      0.52      0.52      1128

          weighted avg       0.67      0.68      0.67      1128

Random seed = 456

                                                   

 25%|██▌       | 1273/5092 [01:30<04:11, 15.21it/s]{'loss': 1.6654, 'learning_rate': 1.5000000000000002e-05, 'epoch': 1.0}

                                                   

                                                   

 50%|█████     | 2546/5092 [03:05<02:45, 15.40it/s]{'eval_loss': 1.3940696716308594, 'eval_runtime': 1.889, 'eval_samples_per_second': 724.719, 'eval_steps_per_second': 91.053, 'epoch': 1.0}

{'loss': 1.2049, 'learning_rate': 1e-05, 'epoch': 2.0}

                                                   

                                                   

 75%|███████▌  | 3819/5092 [04:37<01:23, 15.23it/s]{'eval_loss': 1.2290316820144653, 'eval_runtime': 1.8846, 'eval_samples_per_second': 726.41, 'eval_steps_per_second': 91.266, 'epoch': 2.0}

{'loss': 0.9729, 'learning_rate': 5e-06, 'epoch': 3.0}

                                                   

                                                   

100%|██████████| 5092/5092 [06:12<00:00, 15.38it/s]{'eval_loss': 1.2389614582061768, 'eval_runtime': 1.8844, 'eval_samples_per_second': 726.491, 'eval_steps_per_second': 91.276, 'epoch': 3.0}

{'loss': 0.7925, 'learning_rate': 0.0, 'epoch': 4.0}

                                                   

                                                   

{'eval_loss': 1.2702751159667969, 'eval_runtime': 1.888, 'eval_samples_per_second': 725.121, 'eval_steps_per_second': 91.104, 'epoch': 4.0}

{'train_runtime': 374.4029, 'train_samples_per_second': 108.781, 'train_steps_per_second': 13.6, 'train_loss': 1.1589185740192949, 'epoch': 4.0}

 16%|█▌        | 22/141 [00:00<00:01, 98.38it/s] 

/lustre03/project/6066577/shuhaibm/env/lib/python3.8/site-packages/sklearn/metrics/_classification.py:1344: UndefinedMetricWarning: Precision and F-score are ill-defined and being set to 0.0 in labels with no predicted samples. Use `zero_division` parameter to control this behavior.

  _warn_prf(average, modifier, msg_start, len(result))

/lustre03/project/6066577/shuhaibm/env/lib/python3.8/site-packages/sklearn/metrics/_classification.py:1344: UndefinedMetricWarning: Precision and F-score are ill-defined and being set to 0.0 in labels with no predicted samples. Use `zero_division` parameter to control this behavior.

  _warn_prf(average, modifier, msg_start, len(result))

/lustre03/project/6066577/shuhaibm/env/lib/python3.8/site-packages/sklearn/metrics/_classification.py:1344: UndefinedMetricWarning: Precision and F-score are ill-defined and being set to 0.0 in labels with no predicted samples. Use `zero_division` parameter to control this behavior.

  _warn_prf(average, modifier, msg_start, len(result))

Accuracy: 0.6808510638297872

                        precision    recall  f1-score   support

       Acknowledgement       0.73      0.80      0.77       148

           Alternation       0.94      0.79      0.86        19

            Background       0.00      0.00      0.00         1

Clarification_question       0.45      0.61      0.52        33

               Comment       0.66      0.66      0.66       165

           Conditional       0.60      0.67      0.63        18

          Continuation       0.54      0.42      0.48       113

              Contrast       0.50      0.45      0.48        44

            Correction       0.31      0.19      0.24        21

           Elaboration       0.57      0.58      0.58       101

           Explanation       0.45      0.55      0.49        31

             Narration       0.00      0.00      0.00        13

              Parallel       0.73      0.53      0.62        15

                Q_Elab       0.63      0.64      0.63        72

  Question_answer_pair       0.87      0.91      0.89       305

                Result       0.41      0.48      0.44        29

              accuracy                           0.68      1128

             macro avg       0.52      0.52      0.52      1128

          weighted avg       0.67      0.68      0.67      1128

Average accuracy = 0.6808510638297872

********** Run complete **********

