********** Run - model: roberta-base, learning rate = 2e-05 **********

********** Run 1 - input sentence pairs **********

Random seed = 42

  0%|          | 1/5092 [00:01<1:31:33,  1.08s/it]

                                                   

 25%|██▌       | 1273/5092 [01:48<05:04, 12.56it/s]{'loss': 1.4778, 'learning_rate': 1.5000000000000002e-05, 'epoch': 1.0}

                                                   

                                                   

 50%|█████     | 2546/5092 [03:42<03:17, 12.86it/s]{'eval_loss': 1.2236040830612183, 'eval_runtime': 2.1095, 'eval_samples_per_second': 648.964, 'eval_steps_per_second': 81.535, 'epoch': 1.0}

{'loss': 1.0616, 'learning_rate': 1e-05, 'epoch': 2.0}

                                                   

                                                   

 75%|███████▌  | 3819/5092 [05:32<01:39, 12.75it/s]{'eval_loss': 1.091208577156067, 'eval_runtime': 2.1249, 'eval_samples_per_second': 644.257, 'eval_steps_per_second': 80.944, 'epoch': 2.0}

{'loss': 0.8368, 'learning_rate': 5e-06, 'epoch': 3.0}

                                                   

                                                   

100%|██████████| 5092/5092 [07:25<00:00, 12.49it/s]{'eval_loss': 1.0723432302474976, 'eval_runtime': 2.076, 'eval_samples_per_second': 659.446, 'eval_steps_per_second': 82.852, 'epoch': 3.0}

{'loss': 0.6635, 'learning_rate': 0.0, 'epoch': 4.0}

                                                   

                                                   

{'eval_loss': 1.107245683670044, 'eval_runtime': 2.0731, 'eval_samples_per_second': 660.353, 'eval_steps_per_second': 82.966, 'epoch': 4.0}

{'train_runtime': 448.063, 'train_samples_per_second': 90.898, 'train_steps_per_second': 11.364, 'train_loss': 1.0099286411282404, 'epoch': 4.0}

/lustre03/project/6066577/shuhaibm/env/lib/python3.8/site-packages/sklearn/metrics/_classification.py:1344: UndefinedMetricWarning: Precision and F-score are ill-defined and being set to 0.0 in labels with no predicted samples. Use `zero_division` parameter to control this behavior.

  _warn_prf(average, modifier, msg_start, len(result))

/lustre03/project/6066577/shuhaibm/env/lib/python3.8/site-packages/sklearn/metrics/_classification.py:1344: UndefinedMetricWarning: Precision and F-score are ill-defined and being set to 0.0 in labels with no predicted samples. Use `zero_division` parameter to control this behavior.

  _warn_prf(average, modifier, msg_start, len(result))

/lustre03/project/6066577/shuhaibm/env/lib/python3.8/site-packages/sklearn/metrics/_classification.py:1344: UndefinedMetricWarning: Precision and F-score are ill-defined and being set to 0.0 in labels with no predicted samples. Use `zero_division` parameter to control this behavior.

  _warn_prf(average, modifier, msg_start, len(result))

Accuracy: 0.7136524822695035

                        precision    recall  f1-score   support

       Acknowledgement       0.77      0.82      0.79       148

           Alternation       0.83      0.79      0.81        19

            Background       0.00      0.00      0.00         1

Clarification_question       0.44      0.48      0.46        33

               Comment       0.67      0.71      0.69       165

           Conditional       0.65      0.83      0.73        18

          Continuation       0.57      0.50      0.54       113

              Contrast       0.61      0.52      0.56        44

            Correction       0.45      0.24      0.31        21

           Elaboration       0.61      0.61      0.61       101

           Explanation       0.50      0.65      0.56        31

             Narration       0.00      0.00      0.00        13

              Parallel       0.75      0.60      0.67        15

                Q_Elab       0.64      0.68      0.66        72

  Question_answer_pair       0.89      0.92      0.91       305

                Result       0.58      0.52      0.55        29

              accuracy                           0.71      1128

             macro avg       0.56      0.55      0.55      1128

          weighted avg       0.70      0.71      0.71      1128

Random seed = 123

                                                   

 25%|██▌       | 1273/5092 [01:48<05:04, 12.56it/s]{'loss': 1.4778, 'learning_rate': 1.5000000000000002e-05, 'epoch': 1.0}

                                                   

                                                   

 50%|█████     | 2546/5092 [03:43<03:23, 12.53it/s]{'eval_loss': 1.2236040830612183, 'eval_runtime': 2.0726, 'eval_samples_per_second': 660.529, 'eval_steps_per_second': 82.988, 'epoch': 1.0}

{'loss': 1.0616, 'learning_rate': 1e-05, 'epoch': 2.0}

                                                   

                                                   

 75%|███████▌  | 3819/5092 [05:34<01:39, 12.86it/s]{'eval_loss': 1.091208577156067, 'eval_runtime': 2.0889, 'eval_samples_per_second': 655.377, 'eval_steps_per_second': 82.341, 'epoch': 2.0}

{'loss': 0.8368, 'learning_rate': 5e-06, 'epoch': 3.0}

                                                   

                                                   

100%|██████████| 5092/5092 [07:29<00:00, 12.71it/s]{'eval_loss': 1.0723432302474976, 'eval_runtime': 2.0709, 'eval_samples_per_second': 661.073, 'eval_steps_per_second': 83.057, 'epoch': 3.0}

{'loss': 0.6635, 'learning_rate': 0.0, 'epoch': 4.0}

                                                   

                                                   

{'eval_loss': 1.107245683670044, 'eval_runtime': 2.0987, 'eval_samples_per_second': 652.296, 'eval_steps_per_second': 81.954, 'epoch': 4.0}

{'train_runtime': 451.1698, 'train_samples_per_second': 90.272, 'train_steps_per_second': 11.286, 'train_loss': 1.0099286411282404, 'epoch': 4.0}

/lustre03/project/6066577/shuhaibm/env/lib/python3.8/site-packages/sklearn/metrics/_classification.py:1344: UndefinedMetricWarning: Precision and F-score are ill-defined and being set to 0.0 in labels with no predicted samples. Use `zero_division` parameter to control this behavior.

  _warn_prf(average, modifier, msg_start, len(result))

/lustre03/project/6066577/shuhaibm/env/lib/python3.8/site-packages/sklearn/metrics/_classification.py:1344: UndefinedMetricWarning: Precision and F-score are ill-defined and being set to 0.0 in labels with no predicted samples. Use `zero_division` parameter to control this behavior.

  _warn_prf(average, modifier, msg_start, len(result))

/lustre03/project/6066577/shuhaibm/env/lib/python3.8/site-packages/sklearn/metrics/_classification.py:1344: UndefinedMetricWarning: Precision and F-score are ill-defined and being set to 0.0 in labels with no predicted samples. Use `zero_division` parameter to control this behavior.

  _warn_prf(average, modifier, msg_start, len(result))

Accuracy: 0.7136524822695035

                        precision    recall  f1-score   support

       Acknowledgement       0.77      0.82      0.79       148

           Alternation       0.83      0.79      0.81        19

            Background       0.00      0.00      0.00         1

Clarification_question       0.44      0.48      0.46        33

               Comment       0.67      0.71      0.69       165

           Conditional       0.65      0.83      0.73        18

          Continuation       0.57      0.50      0.54       113

              Contrast       0.61      0.52      0.56        44

            Correction       0.45      0.24      0.31        21

           Elaboration       0.61      0.61      0.61       101

           Explanation       0.50      0.65      0.56        31

             Narration       0.00      0.00      0.00        13

              Parallel       0.75      0.60      0.67        15

                Q_Elab       0.64      0.68      0.66        72

  Question_answer_pair       0.89      0.92      0.91       305

                Result       0.58      0.52      0.55        29

              accuracy                           0.71      1128

             macro avg       0.56      0.55      0.55      1128

          weighted avg       0.70      0.71      0.71      1128

Random seed = 456

                                                   

 25%|██▌       | 1273/5092 [01:48<05:14, 12.14it/s]{'loss': 1.4778, 'learning_rate': 1.5000000000000002e-05, 'epoch': 1.0}

                                                   

                                                   

 50%|█████     | 2546/5092 [03:43<03:19, 12.79it/s]{'eval_loss': 1.2236040830612183, 'eval_runtime': 2.1363, 'eval_samples_per_second': 640.831, 'eval_steps_per_second': 80.513, 'epoch': 1.0}

{'loss': 1.0616, 'learning_rate': 1e-05, 'epoch': 2.0}

                                                   

                                                   

 75%|███████▌  | 3819/5092 [05:34<01:39, 12.78it/s]{'eval_loss': 1.091208577156067, 'eval_runtime': 2.1094, 'eval_samples_per_second': 648.986, 'eval_steps_per_second': 81.538, 'epoch': 2.0}

{'loss': 0.8368, 'learning_rate': 5e-06, 'epoch': 3.0}

                                                   

                                                   

100%|██████████| 5092/5092 [07:29<00:00, 12.78it/s]{'eval_loss': 1.0723432302474976, 'eval_runtime': 2.0754, 'eval_samples_per_second': 659.638, 'eval_steps_per_second': 82.876, 'epoch': 3.0}

{'loss': 0.6635, 'learning_rate': 0.0, 'epoch': 4.0}

                                                   

                                                   

{'eval_loss': 1.107245683670044, 'eval_runtime': 2.1141, 'eval_samples_per_second': 647.571, 'eval_steps_per_second': 81.36, 'epoch': 4.0}

{'train_runtime': 451.2215, 'train_samples_per_second': 90.262, 'train_steps_per_second': 11.285, 'train_loss': 1.0099286411282404, 'epoch': 4.0}

/lustre03/project/6066577/shuhaibm/env/lib/python3.8/site-packages/sklearn/metrics/_classification.py:1344: UndefinedMetricWarning: Precision and F-score are ill-defined and being set to 0.0 in labels with no predicted samples. Use `zero_division` parameter to control this behavior.

  _warn_prf(average, modifier, msg_start, len(result))

/lustre03/project/6066577/shuhaibm/env/lib/python3.8/site-packages/sklearn/metrics/_classification.py:1344: UndefinedMetricWarning: Precision and F-score are ill-defined and being set to 0.0 in labels with no predicted samples. Use `zero_division` parameter to control this behavior.

  _warn_prf(average, modifier, msg_start, len(result))

/lustre03/project/6066577/shuhaibm/env/lib/python3.8/site-packages/sklearn/metrics/_classification.py:1344: UndefinedMetricWarning: Precision and F-score are ill-defined and being set to 0.0 in labels with no predicted samples. Use `zero_division` parameter to control this behavior.

  _warn_prf(average, modifier, msg_start, len(result))

Accuracy: 0.7136524822695035

                        precision    recall  f1-score   support

       Acknowledgement       0.77      0.82      0.79       148

           Alternation       0.83      0.79      0.81        19

            Background       0.00      0.00      0.00         1

Clarification_question       0.44      0.48      0.46        33

               Comment       0.67      0.71      0.69       165

           Conditional       0.65      0.83      0.73        18

          Continuation       0.57      0.50      0.54       113

              Contrast       0.61      0.52      0.56        44

            Correction       0.45      0.24      0.31        21

           Elaboration       0.61      0.61      0.61       101

           Explanation       0.50      0.65      0.56        31

             Narration       0.00      0.00      0.00        13

              Parallel       0.75      0.60      0.67        15

                Q_Elab       0.64      0.68      0.66        72

  Question_answer_pair       0.89      0.92      0.91       305

                Result       0.58      0.52      0.55        29

              accuracy                           0.71      1128

             macro avg       0.56      0.55      0.55      1128

          weighted avg       0.70      0.71      0.71      1128

Average accuracy = 0.7136524822695035

********** Run complete **********

********** Run - model: roberta-base, learning rate = 2e-05 **********

********** Run 2 - input question **********

Random seed = 42

                                                   

 25%|██▌       | 1273/5092 [01:49<05:09, 12.36it/s]{'loss': 2.2443, 'learning_rate': 1.5000000000000002e-05, 'epoch': 1.0}

                                                   

                                                   

 50%|█████     | 2546/5092 [03:43<03:25, 12.37it/s]{'eval_loss': 2.301637649536133, 'eval_runtime': 2.1151, 'eval_samples_per_second': 647.26, 'eval_steps_per_second': 81.321, 'epoch': 1.0}

{'loss': 2.1188, 'learning_rate': 1e-05, 'epoch': 2.0}

                                                   

                                                   

 75%|███████▌  | 3819/5092 [05:34<01:42, 12.38it/s]{'eval_loss': 2.3310234546661377, 'eval_runtime': 2.1104, 'eval_samples_per_second': 648.683, 'eval_steps_per_second': 81.5, 'epoch': 2.0}

{'loss': 2.0037, 'learning_rate': 5e-06, 'epoch': 3.0}

                                                   

                                                   

100%|██████████| 5092/5092 [07:28<00:00, 12.38it/s]{'eval_loss': 2.335432291030884, 'eval_runtime': 2.112, 'eval_samples_per_second': 648.188, 'eval_steps_per_second': 81.438, 'epoch': 3.0}

{'loss': 1.8923, 'learning_rate': 0.0, 'epoch': 4.0}

                                                   

                                                   

{'eval_loss': 2.364675998687744, 'eval_runtime': 2.1169, 'eval_samples_per_second': 646.697, 'eval_steps_per_second': 81.25, 'epoch': 4.0}

{'train_runtime': 450.1945, 'train_samples_per_second': 90.468, 'train_steps_per_second': 11.311, 'train_loss': 2.0647808833096035, 'epoch': 4.0}

/lustre03/project/6066577/shuhaibm/env/lib/python3.8/site-packages/sklearn/metrics/_classification.py:1344: UndefinedMetricWarning: Precision and F-score are ill-defined and being set to 0.0 in labels with no predicted samples. Use `zero_division` parameter to control this behavior.

  _warn_prf(average, modifier, msg_start, len(result))

/lustre03/project/6066577/shuhaibm/env/lib/python3.8/site-packages/sklearn/metrics/_classification.py:1344: UndefinedMetricWarning: Precision and F-score are ill-defined and being set to 0.0 in labels with no predicted samples. Use `zero_division` parameter to control this behavior.

  _warn_prf(average, modifier, msg_start, len(result))

/lustre03/project/6066577/shuhaibm/env/lib/python3.8/site-packages/sklearn/metrics/_classification.py:1344: UndefinedMetricWarning: Precision and F-score are ill-defined and being set to 0.0 in labels with no predicted samples. Use `zero_division` parameter to control this behavior.

  _warn_prf(average, modifier, msg_start, len(result))

Accuracy: 0.2712765957446808

                        precision    recall  f1-score   support

       Acknowledgement       0.26      0.18      0.21       148

           Alternation       0.00      0.00      0.00        19

            Background       0.00      0.00      0.00         1

Clarification_question       0.00      0.00      0.00        33

               Comment       0.23      0.65      0.34       165

           Conditional       0.50      0.17      0.25        18

          Continuation       0.07      0.03      0.04       113

              Contrast       0.00      0.00      0.00        44

            Correction       0.00      0.00      0.00        21

           Elaboration       0.21      0.17      0.19       101

           Explanation       0.08      0.03      0.05        31

             Narration       0.00      0.00      0.00        13

              Parallel       0.00      0.00      0.00        15

                Q_Elab       0.19      0.04      0.07        72

  Question_answer_pair       0.37      0.47      0.42       305

                Result       0.14      0.07      0.09        29

              accuracy                           0.27      1128

             macro avg       0.13      0.11      0.10      1128

          weighted avg       0.22      0.27      0.22      1128

Random seed = 123

                                                   

 25%|██▌       | 1273/5092 [01:48<05:09, 12.36it/s]{'loss': 2.2443, 'learning_rate': 1.5000000000000002e-05, 'epoch': 1.0}

                                                   

                                                   

 50%|█████     | 2546/5092 [03:42<03:26, 12.31it/s]{'eval_loss': 2.301637649536133, 'eval_runtime': 2.1559, 'eval_samples_per_second': 635.012, 'eval_steps_per_second': 79.782, 'epoch': 1.0}

{'loss': 2.1188, 'learning_rate': 1e-05, 'epoch': 2.0}

                                                   

                                                   

 75%|███████▌  | 3819/5092 [05:32<01:43, 12.35it/s]{'eval_loss': 2.3310234546661377, 'eval_runtime': 2.1243, 'eval_samples_per_second': 644.434, 'eval_steps_per_second': 80.966, 'epoch': 2.0}

{'loss': 2.0037, 'learning_rate': 5e-06, 'epoch': 3.0}

                                                   

                                                   

100%|██████████| 5092/5092 [07:26<00:00, 12.35it/s]{'eval_loss': 2.335432291030884, 'eval_runtime': 2.1636, 'eval_samples_per_second': 632.753, 'eval_steps_per_second': 79.499, 'epoch': 3.0}

{'loss': 1.8923, 'learning_rate': 0.0, 'epoch': 4.0}

                                                   

                                                   

{'eval_loss': 2.364675998687744, 'eval_runtime': 2.1279, 'eval_samples_per_second': 643.36, 'eval_steps_per_second': 80.831, 'epoch': 4.0}

{'train_runtime': 449.1398, 'train_samples_per_second': 90.68, 'train_steps_per_second': 11.337, 'train_loss': 2.0647808833096035, 'epoch': 4.0}

/lustre03/project/6066577/shuhaibm/env/lib/python3.8/site-packages/sklearn/metrics/_classification.py:1344: UndefinedMetricWarning: Precision and F-score are ill-defined and being set to 0.0 in labels with no predicted samples. Use `zero_division` parameter to control this behavior.

  _warn_prf(average, modifier, msg_start, len(result))

/lustre03/project/6066577/shuhaibm/env/lib/python3.8/site-packages/sklearn/metrics/_classification.py:1344: UndefinedMetricWarning: Precision and F-score are ill-defined and being set to 0.0 in labels with no predicted samples. Use `zero_division` parameter to control this behavior.

  _warn_prf(average, modifier, msg_start, len(result))

/lustre03/project/6066577/shuhaibm/env/lib/python3.8/site-packages/sklearn/metrics/_classification.py:1344: UndefinedMetricWarning: Precision and F-score are ill-defined and being set to 0.0 in labels with no predicted samples. Use `zero_division` parameter to control this behavior.

  _warn_prf(average, modifier, msg_start, len(result))

Accuracy: 0.2712765957446808

                        precision    recall  f1-score   support

       Acknowledgement       0.26      0.18      0.21       148

           Alternation       0.00      0.00      0.00        19

            Background       0.00      0.00      0.00         1

Clarification_question       0.00      0.00      0.00        33

               Comment       0.23      0.65      0.34       165

           Conditional       0.50      0.17      0.25        18

          Continuation       0.07      0.03      0.04       113

              Contrast       0.00      0.00      0.00        44

            Correction       0.00      0.00      0.00        21

           Elaboration       0.21      0.17      0.19       101

           Explanation       0.08      0.03      0.05        31

             Narration       0.00      0.00      0.00        13

              Parallel       0.00      0.00      0.00        15

                Q_Elab       0.19      0.04      0.07        72

  Question_answer_pair       0.37      0.47      0.42       305

                Result       0.14      0.07      0.09        29

              accuracy                           0.27      1128

             macro avg       0.13      0.11      0.10      1128

          weighted avg       0.22      0.27      0.22      1128

Random seed = 456

                                                   

 25%|██▌       | 1273/5092 [01:48<05:10, 12.31it/s]{'loss': 2.2443, 'learning_rate': 1.5000000000000002e-05, 'epoch': 1.0}

                                                   

                                                   

 50%|█████     | 2546/5092 [03:43<03:26, 12.30it/s]{'eval_loss': 2.301637649536133, 'eval_runtime': 2.1232, 'eval_samples_per_second': 644.792, 'eval_steps_per_second': 81.011, 'epoch': 1.0}

{'loss': 2.1188, 'learning_rate': 1e-05, 'epoch': 2.0}

                                                   

                                                   

 75%|███████▌  | 3819/5092 [05:33<01:43, 12.26it/s]{'eval_loss': 2.3310234546661377, 'eval_runtime': 2.1289, 'eval_samples_per_second': 643.062, 'eval_steps_per_second': 80.794, 'epoch': 2.0}

{'loss': 2.0037, 'learning_rate': 5e-06, 'epoch': 3.0}

                                                   

                                                   

100%|██████████| 5092/5092 [07:29<00:00, 12.32it/s]{'eval_loss': 2.335432291030884, 'eval_runtime': 2.1305, 'eval_samples_per_second': 642.559, 'eval_steps_per_second': 80.731, 'epoch': 3.0}

{'loss': 1.8923, 'learning_rate': 0.0, 'epoch': 4.0}

                                                   

                                                   

{'eval_loss': 2.364675998687744, 'eval_runtime': 2.1632, 'eval_samples_per_second': 632.863, 'eval_steps_per_second': 79.512, 'epoch': 4.0}

{'train_runtime': 451.234, 'train_samples_per_second': 90.259, 'train_steps_per_second': 11.285, 'train_loss': 2.0647808833096035, 'epoch': 4.0}

/lustre03/project/6066577/shuhaibm/env/lib/python3.8/site-packages/sklearn/metrics/_classification.py:1344: UndefinedMetricWarning: Precision and F-score are ill-defined and being set to 0.0 in labels with no predicted samples. Use `zero_division` parameter to control this behavior.

  _warn_prf(average, modifier, msg_start, len(result))

/lustre03/project/6066577/shuhaibm/env/lib/python3.8/site-packages/sklearn/metrics/_classification.py:1344: UndefinedMetricWarning: Precision and F-score are ill-defined and being set to 0.0 in labels with no predicted samples. Use `zero_division` parameter to control this behavior.

  _warn_prf(average, modifier, msg_start, len(result))

/lustre03/project/6066577/shuhaibm/env/lib/python3.8/site-packages/sklearn/metrics/_classification.py:1344: UndefinedMetricWarning: Precision and F-score are ill-defined and being set to 0.0 in labels with no predicted samples. Use `zero_division` parameter to control this behavior.

  _warn_prf(average, modifier, msg_start, len(result))

Accuracy: 0.2712765957446808

                        precision    recall  f1-score   support

       Acknowledgement       0.26      0.18      0.21       148

           Alternation       0.00      0.00      0.00        19

            Background       0.00      0.00      0.00         1

Clarification_question       0.00      0.00      0.00        33

               Comment       0.23      0.65      0.34       165

           Conditional       0.50      0.17      0.25        18

          Continuation       0.07      0.03      0.04       113

              Contrast       0.00      0.00      0.00        44

            Correction       0.00      0.00      0.00        21

           Elaboration       0.21      0.17      0.19       101

           Explanation       0.08      0.03      0.05        31

             Narration       0.00      0.00      0.00        13

              Parallel       0.00      0.00      0.00        15

                Q_Elab       0.19      0.04      0.07        72

  Question_answer_pair       0.37      0.47      0.42       305

                Result       0.14      0.07      0.09        29

              accuracy                           0.27      1128

             macro avg       0.13      0.11      0.10      1128

          weighted avg       0.22      0.27      0.22      1128

Average accuracy = 0.2712765957446808

********** Run complete **********

********** Run - model: roberta-base, learning rate = 2e-05 **********

********** Run 3 - input sentence pairs and question **********

Random seed = 42

                                                   

 25%|██▌       | 1273/5092 [01:56<05:24, 11.75it/s]{'loss': 1.5427, 'learning_rate': 1.5000000000000002e-05, 'epoch': 1.0}

                                                   

                                                   

 50%|█████     | 2546/5092 [03:57<03:38, 11.63it/s]{'eval_loss': 1.2483183145523071, 'eval_runtime': 2.2172, 'eval_samples_per_second': 617.454, 'eval_steps_per_second': 77.576, 'epoch': 1.0}

{'loss': 1.0885, 'learning_rate': 1e-05, 'epoch': 2.0}

                                                   

                                                   

 75%|███████▌  | 3819/5092 [05:55<01:48, 11.74it/s]{'eval_loss': 1.11073637008667, 'eval_runtime': 2.2095, 'eval_samples_per_second': 619.608, 'eval_steps_per_second': 77.847, 'epoch': 2.0}

{'loss': 0.8557, 'learning_rate': 5e-06, 'epoch': 3.0}

                                                   

                                                   

100%|██████████| 5092/5092 [07:56<00:00, 11.98it/s]{'eval_loss': 1.1008323431015015, 'eval_runtime': 2.2213, 'eval_samples_per_second': 616.314, 'eval_steps_per_second': 77.433, 'epoch': 3.0}

{'loss': 0.692, 'learning_rate': 0.0, 'epoch': 4.0}

                                                   

                                                   

{'eval_loss': 1.1409815549850464, 'eval_runtime': 2.1502, 'eval_samples_per_second': 636.675, 'eval_steps_per_second': 79.991, 'epoch': 4.0}

{'train_runtime': 478.5288, 'train_samples_per_second': 85.111, 'train_steps_per_second': 10.641, 'train_loss': 1.0447125670859314, 'epoch': 4.0}

/lustre03/project/6066577/shuhaibm/env/lib/python3.8/site-packages/sklearn/metrics/_classification.py:1344: UndefinedMetricWarning: Precision and F-score are ill-defined and being set to 0.0 in labels with no predicted samples. Use `zero_division` parameter to control this behavior.

  _warn_prf(average, modifier, msg_start, len(result))

/lustre03/project/6066577/shuhaibm/env/lib/python3.8/site-packages/sklearn/metrics/_classification.py:1344: UndefinedMetricWarning: Precision and F-score are ill-defined and being set to 0.0 in labels with no predicted samples. Use `zero_division` parameter to control this behavior.

  _warn_prf(average, modifier, msg_start, len(result))

/lustre03/project/6066577/shuhaibm/env/lib/python3.8/site-packages/sklearn/metrics/_classification.py:1344: UndefinedMetricWarning: Precision and F-score are ill-defined and being set to 0.0 in labels with no predicted samples. Use `zero_division` parameter to control this behavior.

  _warn_prf(average, modifier, msg_start, len(result))

Accuracy: 0.7083333333333334

                        precision    recall  f1-score   support

       Acknowledgement       0.78      0.84      0.81       148

           Alternation       0.94      0.79      0.86        19

            Background       0.00      0.00      0.00         1

Clarification_question       0.47      0.52      0.49        33

               Comment       0.71      0.68      0.70       165

           Conditional       0.65      0.61      0.63        18

          Continuation       0.55      0.50      0.53       113

              Contrast       0.51      0.52      0.52        44

            Correction       0.40      0.19      0.26        21

           Elaboration       0.59      0.60      0.60       101

           Explanation       0.51      0.61      0.56        31

             Narration       0.00      0.00      0.00        13

              Parallel       0.69      0.60      0.64        15

                Q_Elab       0.61      0.71      0.66        72

  Question_answer_pair       0.88      0.92      0.90       305

                Result       0.48      0.45      0.46        29

              accuracy                           0.71      1128

             macro avg       0.55      0.53      0.54      1128

          weighted avg       0.70      0.71      0.70      1128

Random seed = 123

                                                   

 25%|██▌       | 1273/5092 [01:54<05:24, 11.76it/s]{'loss': 1.5427, 'learning_rate': 1.5000000000000002e-05, 'epoch': 1.0}

                                                   

                                                   

 50%|█████     | 2546/5092 [03:53<03:39, 11.59it/s]{'eval_loss': 1.2483183145523071, 'eval_runtime': 2.2148, 'eval_samples_per_second': 618.111, 'eval_steps_per_second': 77.659, 'epoch': 1.0}

{'loss': 1.0885, 'learning_rate': 1e-05, 'epoch': 2.0}

                                                   

                                                   

 75%|███████▌  | 3819/5092 [05:50<01:48, 11.74it/s]{'eval_loss': 1.11073637008667, 'eval_runtime': 2.2152, 'eval_samples_per_second': 618.017, 'eval_steps_per_second': 77.647, 'epoch': 2.0}

{'loss': 0.8557, 'learning_rate': 5e-06, 'epoch': 3.0}

                                                   

                                                   

100%|██████████| 5092/5092 [07:49<00:00, 11.62it/s]{'eval_loss': 1.1008323431015015, 'eval_runtime': 2.2212, 'eval_samples_per_second': 616.345, 'eval_steps_per_second': 77.437, 'epoch': 3.0}

{'loss': 0.692, 'learning_rate': 0.0, 'epoch': 4.0}

                                                   

                                                   

{'eval_loss': 1.1409815549850464, 'eval_runtime': 2.2165, 'eval_samples_per_second': 617.632, 'eval_steps_per_second': 77.599, 'epoch': 4.0}

{'train_runtime': 472.0848, 'train_samples_per_second': 86.273, 'train_steps_per_second': 10.786, 'train_loss': 1.0447125670859314, 'epoch': 4.0}

/lustre03/project/6066577/shuhaibm/env/lib/python3.8/site-packages/sklearn/metrics/_classification.py:1344: UndefinedMetricWarning: Precision and F-score are ill-defined and being set to 0.0 in labels with no predicted samples. Use `zero_division` parameter to control this behavior.

  _warn_prf(average, modifier, msg_start, len(result))

/lustre03/project/6066577/shuhaibm/env/lib/python3.8/site-packages/sklearn/metrics/_classification.py:1344: UndefinedMetricWarning: Precision and F-score are ill-defined and being set to 0.0 in labels with no predicted samples. Use `zero_division` parameter to control this behavior.

  _warn_prf(average, modifier, msg_start, len(result))

/lustre03/project/6066577/shuhaibm/env/lib/python3.8/site-packages/sklearn/metrics/_classification.py:1344: UndefinedMetricWarning: Precision and F-score are ill-defined and being set to 0.0 in labels with no predicted samples. Use `zero_division` parameter to control this behavior.

  _warn_prf(average, modifier, msg_start, len(result))

Accuracy: 0.7083333333333334

                        precision    recall  f1-score   support

       Acknowledgement       0.78      0.84      0.81       148

           Alternation       0.94      0.79      0.86        19

            Background       0.00      0.00      0.00         1

Clarification_question       0.47      0.52      0.49        33

               Comment       0.71      0.68      0.70       165

           Conditional       0.65      0.61      0.63        18

          Continuation       0.55      0.50      0.53       113

              Contrast       0.51      0.52      0.52        44

            Correction       0.40      0.19      0.26        21

           Elaboration       0.59      0.60      0.60       101

           Explanation       0.51      0.61      0.56        31

             Narration       0.00      0.00      0.00        13

              Parallel       0.69      0.60      0.64        15

                Q_Elab       0.61      0.71      0.66        72

  Question_answer_pair       0.88      0.92      0.90       305

                Result       0.48      0.45      0.46        29

              accuracy                           0.71      1128

             macro avg       0.55      0.53      0.54      1128

          weighted avg       0.70      0.71      0.70      1128

Random seed = 456

                                                   

 25%|██▌       | 1273/5092 [01:54<05:15, 12.11it/s]{'loss': 1.5427, 'learning_rate': 1.5000000000000002e-05, 'epoch': 1.0}

                                                   

                                                   

 50%|█████     | 2546/5092 [03:54<03:39, 11.58it/s]{'eval_loss': 1.2483183145523071, 'eval_runtime': 2.1755, 'eval_samples_per_second': 629.278, 'eval_steps_per_second': 79.062, 'epoch': 1.0}

{'loss': 1.0885, 'learning_rate': 1e-05, 'epoch': 2.0}

                                                   

                                                   

 75%|███████▌  | 3819/5092 [05:52<01:48, 11.71it/s]{'eval_loss': 1.11073637008667, 'eval_runtime': 2.2155, 'eval_samples_per_second': 617.922, 'eval_steps_per_second': 77.635, 'epoch': 2.0}

{'loss': 0.8557, 'learning_rate': 5e-06, 'epoch': 3.0}

                                                   

                                                   

100%|██████████| 5092/5092 [07:51<00:00, 11.61it/s]{'eval_loss': 1.1008323431015015, 'eval_runtime': 2.221, 'eval_samples_per_second': 616.376, 'eval_steps_per_second': 77.441, 'epoch': 3.0}

{'loss': 0.692, 'learning_rate': 0.0, 'epoch': 4.0}

                                                   

                                                   

{'eval_loss': 1.1409815549850464, 'eval_runtime': 2.2199, 'eval_samples_per_second': 616.687, 'eval_steps_per_second': 77.48, 'epoch': 4.0}

{'train_runtime': 473.9292, 'train_samples_per_second': 85.937, 'train_steps_per_second': 10.744, 'train_loss': 1.0447125670859314, 'epoch': 4.0}

/lustre03/project/6066577/shuhaibm/env/lib/python3.8/site-packages/sklearn/metrics/_classification.py:1344: UndefinedMetricWarning: Precision and F-score are ill-defined and being set to 0.0 in labels with no predicted samples. Use `zero_division` parameter to control this behavior.

  _warn_prf(average, modifier, msg_start, len(result))

/lustre03/project/6066577/shuhaibm/env/lib/python3.8/site-packages/sklearn/metrics/_classification.py:1344: UndefinedMetricWarning: Precision and F-score are ill-defined and being set to 0.0 in labels with no predicted samples. Use `zero_division` parameter to control this behavior.

  _warn_prf(average, modifier, msg_start, len(result))

/lustre03/project/6066577/shuhaibm/env/lib/python3.8/site-packages/sklearn/metrics/_classification.py:1344: UndefinedMetricWarning: Precision and F-score are ill-defined and being set to 0.0 in labels with no predicted samples. Use `zero_division` parameter to control this behavior.

  _warn_prf(average, modifier, msg_start, len(result))

Accuracy: 0.7083333333333334

                        precision    recall  f1-score   support

       Acknowledgement       0.78      0.84      0.81       148

           Alternation       0.94      0.79      0.86        19

            Background       0.00      0.00      0.00         1

Clarification_question       0.47      0.52      0.49        33

               Comment       0.71      0.68      0.70       165

           Conditional       0.65      0.61      0.63        18

          Continuation       0.55      0.50      0.53       113

              Contrast       0.51      0.52      0.52        44

            Correction       0.40      0.19      0.26        21

           Elaboration       0.59      0.60      0.60       101

           Explanation       0.51      0.61      0.56        31

             Narration       0.00      0.00      0.00        13

              Parallel       0.69      0.60      0.64        15

                Q_Elab       0.61      0.71      0.66        72

  Question_answer_pair       0.88      0.92      0.90       305

                Result       0.48      0.45      0.46        29

              accuracy                           0.71      1128

             macro avg       0.55      0.53      0.54      1128

          weighted avg       0.70      0.71      0.70      1128

Average accuracy = 0.7083333333333334

********** Run complete **********

********** Run - model: roberta-base, learning rate = 2e-05 **********

********** Run 4 - masked speakers, input sentence pairs and question **********

Random seed = 42

                                                   

 25%|██▌       | 1273/5092 [01:55<05:24, 11.78it/s]{'loss': 1.6036, 'learning_rate': 1.5000000000000002e-05, 'epoch': 1.0}

                                                   

                                                   

 50%|█████     | 2546/5092 [03:55<03:38, 11.64it/s]{'eval_loss': 1.7378134727478027, 'eval_runtime': 2.195, 'eval_samples_per_second': 623.676, 'eval_steps_per_second': 78.358, 'epoch': 1.0}

{'loss': 1.1106, 'learning_rate': 1e-05, 'epoch': 2.0}

                                                   

                                                   

 75%|███████▌  | 3819/5092 [05:51<01:48, 11.75it/s]{'eval_loss': 1.7957340478897095, 'eval_runtime': 2.1973, 'eval_samples_per_second': 623.038, 'eval_steps_per_second': 78.278, 'epoch': 2.0}

{'loss': 0.8675, 'learning_rate': 5e-06, 'epoch': 3.0}

                                                   

                                                   

100%|██████████| 5092/5092 [07:52<00:00, 11.81it/s]{'eval_loss': 1.6832301616668701, 'eval_runtime': 2.2273, 'eval_samples_per_second': 614.645, 'eval_steps_per_second': 77.224, 'epoch': 3.0}

{'loss': 0.6993, 'learning_rate': 0.0, 'epoch': 4.0}

                                                   

                                                   

{'eval_loss': 1.9012782573699951, 'eval_runtime': 2.1247, 'eval_samples_per_second': 644.312, 'eval_steps_per_second': 80.951, 'epoch': 4.0}

{'train_runtime': 475.1003, 'train_samples_per_second': 85.725, 'train_steps_per_second': 10.718, 'train_loss': 1.0702469339543033, 'epoch': 4.0}

/lustre03/project/6066577/shuhaibm/env/lib/python3.8/site-packages/sklearn/metrics/_classification.py:1344: UndefinedMetricWarning: Precision and F-score are ill-defined and being set to 0.0 in labels with no predicted samples. Use `zero_division` parameter to control this behavior.

  _warn_prf(average, modifier, msg_start, len(result))

/lustre03/project/6066577/shuhaibm/env/lib/python3.8/site-packages/sklearn/metrics/_classification.py:1344: UndefinedMetricWarning: Precision and F-score are ill-defined and being set to 0.0 in labels with no predicted samples. Use `zero_division` parameter to control this behavior.

  _warn_prf(average, modifier, msg_start, len(result))

/lustre03/project/6066577/shuhaibm/env/lib/python3.8/site-packages/sklearn/metrics/_classification.py:1344: UndefinedMetricWarning: Precision and F-score are ill-defined and being set to 0.0 in labels with no predicted samples. Use `zero_division` parameter to control this behavior.

  _warn_prf(average, modifier, msg_start, len(result))

Accuracy: 0.500886524822695

                        precision    recall  f1-score   support

       Acknowledgement       0.90      0.31      0.46       148

           Alternation       0.88      0.79      0.83        19

            Background       0.00      0.00      0.00         1

Clarification_question       0.49      0.52      0.50        33

               Comment       0.60      0.65      0.63       165

           Conditional       0.48      0.78      0.60        18

          Continuation       0.36      0.62      0.46       113

              Contrast       0.36      0.45      0.40        44

            Correction       0.06      0.14      0.08        21

           Elaboration       0.30      0.59      0.40       101

           Explanation       0.30      0.65      0.41        31

             Narration       0.00      0.00      0.00        13

              Parallel       1.00      0.47      0.64        15

                Q_Elab       0.74      0.49      0.59        72

  Question_answer_pair       0.94      0.45      0.61       305

                Result       0.27      0.45      0.34        29

              accuracy                           0.50      1128

             macro avg       0.48      0.46      0.43      1128

          weighted avg       0.65      0.50      0.52      1128

Random seed = 123

                                                   

 25%|██▌       | 1273/5092 [01:54<05:29, 11.61it/s]{'loss': 1.6036, 'learning_rate': 1.5000000000000002e-05, 'epoch': 1.0}

                                                   

                                                   

 50%|█████     | 2546/5092 [03:53<03:37, 11.68it/s]{'eval_loss': 1.7378134727478027, 'eval_runtime': 2.1913, 'eval_samples_per_second': 624.746, 'eval_steps_per_second': 78.493, 'epoch': 1.0}

{'loss': 1.1106, 'learning_rate': 1e-05, 'epoch': 2.0}

                                                   

                                                   

 75%|███████▌  | 3819/5092 [05:48<01:47, 11.89it/s]{'eval_loss': 1.7957340478897095, 'eval_runtime': 2.1755, 'eval_samples_per_second': 629.294, 'eval_steps_per_second': 79.064, 'epoch': 2.0}

{'loss': 0.8675, 'learning_rate': 5e-06, 'epoch': 3.0}

                                                   

                                                   

100%|██████████| 5092/5092 [07:46<00:00, 11.78it/s]{'eval_loss': 1.6832301616668701, 'eval_runtime': 2.1568, 'eval_samples_per_second': 634.735, 'eval_steps_per_second': 79.748, 'epoch': 3.0}

{'loss': 0.6993, 'learning_rate': 0.0, 'epoch': 4.0}

                                                   

                                                   

{'eval_loss': 1.9012782573699951, 'eval_runtime': 2.1589, 'eval_samples_per_second': 634.127, 'eval_steps_per_second': 79.671, 'epoch': 4.0}

{'train_runtime': 469.0964, 'train_samples_per_second': 86.822, 'train_steps_per_second': 10.855, 'train_loss': 1.0702469339543033, 'epoch': 4.0}

/lustre03/project/6066577/shuhaibm/env/lib/python3.8/site-packages/sklearn/metrics/_classification.py:1344: UndefinedMetricWarning: Precision and F-score are ill-defined and being set to 0.0 in labels with no predicted samples. Use `zero_division` parameter to control this behavior.

  _warn_prf(average, modifier, msg_start, len(result))

/lustre03/project/6066577/shuhaibm/env/lib/python3.8/site-packages/sklearn/metrics/_classification.py:1344: UndefinedMetricWarning: Precision and F-score are ill-defined and being set to 0.0 in labels with no predicted samples. Use `zero_division` parameter to control this behavior.

  _warn_prf(average, modifier, msg_start, len(result))

/lustre03/project/6066577/shuhaibm/env/lib/python3.8/site-packages/sklearn/metrics/_classification.py:1344: UndefinedMetricWarning: Precision and F-score are ill-defined and being set to 0.0 in labels with no predicted samples. Use `zero_division` parameter to control this behavior.

  _warn_prf(average, modifier, msg_start, len(result))

Accuracy: 0.500886524822695

                        precision    recall  f1-score   support

       Acknowledgement       0.90      0.31      0.46       148

           Alternation       0.88      0.79      0.83        19

            Background       0.00      0.00      0.00         1

Clarification_question       0.49      0.52      0.50        33

               Comment       0.60      0.65      0.63       165

           Conditional       0.48      0.78      0.60        18

          Continuation       0.36      0.62      0.46       113

              Contrast       0.36      0.45      0.40        44

            Correction       0.06      0.14      0.08        21

           Elaboration       0.30      0.59      0.40       101

           Explanation       0.30      0.65      0.41        31

             Narration       0.00      0.00      0.00        13

              Parallel       1.00      0.47      0.64        15

                Q_Elab       0.74      0.49      0.59        72

  Question_answer_pair       0.94      0.45      0.61       305

                Result       0.27      0.45      0.34        29

              accuracy                           0.50      1128

             macro avg       0.48      0.46      0.43      1128

          weighted avg       0.65      0.50      0.52      1128

Random seed = 456

                                                   

 25%|██▌       | 1273/5092 [01:53<05:10, 12.30it/s]{'loss': 1.6036, 'learning_rate': 1.5000000000000002e-05, 'epoch': 1.0}

                                                   

                                                   

 50%|█████     | 2546/5092 [03:51<03:29, 12.15it/s]{'eval_loss': 1.7378134727478027, 'eval_runtime': 2.0867, 'eval_samples_per_second': 656.054, 'eval_steps_per_second': 82.426, 'epoch': 1.0}

{'loss': 1.1106, 'learning_rate': 1e-05, 'epoch': 2.0}

                                                   

                                                   

 75%|███████▌  | 3819/5092 [05:46<01:46, 11.95it/s]{'eval_loss': 1.7957340478897095, 'eval_runtime': 2.0876, 'eval_samples_per_second': 655.766, 'eval_steps_per_second': 82.39, 'epoch': 2.0}

{'loss': 0.8675, 'learning_rate': 5e-06, 'epoch': 3.0}

                                                   

                                                   

100%|██████████| 5092/5092 [07:46<00:00, 11.56it/s]{'eval_loss': 1.6832301616668701, 'eval_runtime': 2.1562, 'eval_samples_per_second': 634.904, 'eval_steps_per_second': 79.769, 'epoch': 3.0}

{'loss': 0.6993, 'learning_rate': 0.0, 'epoch': 4.0}

                                                   

                                                   

{'eval_loss': 1.9012782573699951, 'eval_runtime': 2.1503, 'eval_samples_per_second': 636.645, 'eval_steps_per_second': 79.988, 'epoch': 4.0}

{'train_runtime': 468.659, 'train_samples_per_second': 86.903, 'train_steps_per_second': 10.865, 'train_loss': 1.0702469339543033, 'epoch': 4.0}

/lustre03/project/6066577/shuhaibm/env/lib/python3.8/site-packages/sklearn/metrics/_classification.py:1344: UndefinedMetricWarning: Precision and F-score are ill-defined and being set to 0.0 in labels with no predicted samples. Use `zero_division` parameter to control this behavior.

  _warn_prf(average, modifier, msg_start, len(result))

/lustre03/project/6066577/shuhaibm/env/lib/python3.8/site-packages/sklearn/metrics/_classification.py:1344: UndefinedMetricWarning: Precision and F-score are ill-defined and being set to 0.0 in labels with no predicted samples. Use `zero_division` parameter to control this behavior.

  _warn_prf(average, modifier, msg_start, len(result))

/lustre03/project/6066577/shuhaibm/env/lib/python3.8/site-packages/sklearn/metrics/_classification.py:1344: UndefinedMetricWarning: Precision and F-score are ill-defined and being set to 0.0 in labels with no predicted samples. Use `zero_division` parameter to control this behavior.

  _warn_prf(average, modifier, msg_start, len(result))

Accuracy: 0.500886524822695

                        precision    recall  f1-score   support

       Acknowledgement       0.90      0.31      0.46       148

           Alternation       0.88      0.79      0.83        19

            Background       0.00      0.00      0.00         1

Clarification_question       0.49      0.52      0.50        33

               Comment       0.60      0.65      0.63       165

           Conditional       0.48      0.78      0.60        18

          Continuation       0.36      0.62      0.46       113

              Contrast       0.36      0.45      0.40        44

            Correction       0.06      0.14      0.08        21

           Elaboration       0.30      0.59      0.40       101

           Explanation       0.30      0.65      0.41        31

             Narration       0.00      0.00      0.00        13

              Parallel       1.00      0.47      0.64        15

                Q_Elab       0.74      0.49      0.59        72

  Question_answer_pair       0.94      0.45      0.61       305

                Result       0.27      0.45      0.34        29

              accuracy                           0.50      1128

             macro avg       0.48      0.46      0.43      1128

          weighted avg       0.65      0.50      0.52      1128

Average accuracy = 0.500886524822695

********** Run complete **********

********** Run - model: roberta-base, learning rate = 2e-05 **********

********** Run 5 - input sentence pairs, distance and question **********

Random seed = 42

                                                   

 25%|██▌       | 1273/5092 [01:55<05:12, 12.20it/s]{'loss': 1.7369, 'learning_rate': 1.5000000000000002e-05, 'epoch': 1.0}

                                                   

                                                   

 50%|█████     | 2546/5092 [03:55<03:37, 11.71it/s]{'eval_loss': 1.4061610698699951, 'eval_runtime': 2.0998, 'eval_samples_per_second': 651.957, 'eval_steps_per_second': 81.911, 'epoch': 1.0}

{'loss': 1.2551, 'learning_rate': 1e-05, 'epoch': 2.0}

                                                   

                                                   

 75%|███████▌  | 3819/5092 [05:51<01:47, 11.85it/s]{'eval_loss': 1.2666144371032715, 'eval_runtime': 2.1629, 'eval_samples_per_second': 632.958, 'eval_steps_per_second': 79.524, 'epoch': 2.0}

{'loss': 1.0186, 'learning_rate': 5e-06, 'epoch': 3.0}

                                                   

                                                   

100%|██████████| 5092/5092 [07:50<00:00, 11.73it/s]{'eval_loss': 1.2633185386657715, 'eval_runtime': 2.1756, 'eval_samples_per_second': 629.257, 'eval_steps_per_second': 79.059, 'epoch': 3.0}

{'loss': 0.8516, 'learning_rate': 0.0, 'epoch': 4.0}

                                                   

                                                   

{'eval_loss': 1.2673450708389282, 'eval_runtime': 2.1658, 'eval_samples_per_second': 632.089, 'eval_steps_per_second': 79.415, 'epoch': 4.0}

{'train_runtime': 473.0528, 'train_samples_per_second': 86.096, 'train_steps_per_second': 10.764, 'train_loss': 1.2155574729661724, 'epoch': 4.0}

/lustre03/project/6066577/shuhaibm/env/lib/python3.8/site-packages/sklearn/metrics/_classification.py:1344: UndefinedMetricWarning: Precision and F-score are ill-defined and being set to 0.0 in labels with no predicted samples. Use `zero_division` parameter to control this behavior.

  _warn_prf(average, modifier, msg_start, len(result))

/lustre03/project/6066577/shuhaibm/env/lib/python3.8/site-packages/sklearn/metrics/_classification.py:1344: UndefinedMetricWarning: Precision and F-score are ill-defined and being set to 0.0 in labels with no predicted samples. Use `zero_division` parameter to control this behavior.

  _warn_prf(average, modifier, msg_start, len(result))

/lustre03/project/6066577/shuhaibm/env/lib/python3.8/site-packages/sklearn/metrics/_classification.py:1344: UndefinedMetricWarning: Precision and F-score are ill-defined and being set to 0.0 in labels with no predicted samples. Use `zero_division` parameter to control this behavior.

  _warn_prf(average, modifier, msg_start, len(result))

Accuracy: 0.6675531914893617

                        precision    recall  f1-score   support

       Acknowledgement       0.75      0.78      0.77       148

           Alternation       1.00      0.79      0.88        19

            Background       0.00      0.00      0.00         1

Clarification_question       0.46      0.58      0.51        33

               Comment       0.64      0.63      0.63       165

           Conditional       0.64      0.50      0.56        18

          Continuation       0.55      0.37      0.44       113

              Contrast       0.53      0.43      0.48        44

            Correction       0.36      0.19      0.25        21

           Elaboration       0.47      0.55      0.51       101

           Explanation       0.43      0.58      0.49        31

             Narration       0.00      0.00      0.00        13

              Parallel       0.65      0.73      0.69        15

                Q_Elab       0.63      0.68      0.65        72

  Question_answer_pair       0.84      0.91      0.88       305

                Result       0.42      0.48      0.45        29

              accuracy                           0.67      1128

             macro avg       0.52      0.51      0.51      1128

          weighted avg       0.66      0.67      0.66      1128

Random seed = 123

                                                   

 25%|██▌       | 1273/5092 [01:53<05:23, 11.80it/s]{'loss': 1.7369, 'learning_rate': 1.5000000000000002e-05, 'epoch': 1.0}

                                                   

                                                   

 50%|█████     | 2546/5092 [03:52<03:35, 11.84it/s]{'eval_loss': 1.4061610698699951, 'eval_runtime': 2.1711, 'eval_samples_per_second': 630.562, 'eval_steps_per_second': 79.223, 'epoch': 1.0}

{'loss': 1.2551, 'learning_rate': 1e-05, 'epoch': 2.0}

                                                   

                                                   

 75%|███████▌  | 3819/5092 [05:48<01:45, 12.11it/s]{'eval_loss': 1.2666144371032715, 'eval_runtime': 2.1111, 'eval_samples_per_second': 648.483, 'eval_steps_per_second': 81.475, 'epoch': 2.0}

{'loss': 1.0186, 'learning_rate': 5e-06, 'epoch': 3.0}

                                                   

                                                   

100%|██████████| 5092/5092 [07:46<00:00, 11.81it/s]{'eval_loss': 1.2633185386657715, 'eval_runtime': 2.1012, 'eval_samples_per_second': 651.53, 'eval_steps_per_second': 81.858, 'epoch': 3.0}

{'loss': 0.8516, 'learning_rate': 0.0, 'epoch': 4.0}

                                                   

                                                   

{'eval_loss': 1.2673450708389282, 'eval_runtime': 2.2117, 'eval_samples_per_second': 618.97, 'eval_steps_per_second': 77.767, 'epoch': 4.0}

{'train_runtime': 468.8453, 'train_samples_per_second': 86.869, 'train_steps_per_second': 10.861, 'train_loss': 1.2155574729661724, 'epoch': 4.0}

/lustre03/project/6066577/shuhaibm/env/lib/python3.8/site-packages/sklearn/metrics/_classification.py:1344: UndefinedMetricWarning: Precision and F-score are ill-defined and being set to 0.0 in labels with no predicted samples. Use `zero_division` parameter to control this behavior.

  _warn_prf(average, modifier, msg_start, len(result))

/lustre03/project/6066577/shuhaibm/env/lib/python3.8/site-packages/sklearn/metrics/_classification.py:1344: UndefinedMetricWarning: Precision and F-score are ill-defined and being set to 0.0 in labels with no predicted samples. Use `zero_division` parameter to control this behavior.

  _warn_prf(average, modifier, msg_start, len(result))

/lustre03/project/6066577/shuhaibm/env/lib/python3.8/site-packages/sklearn/metrics/_classification.py:1344: UndefinedMetricWarning: Precision and F-score are ill-defined and being set to 0.0 in labels with no predicted samples. Use `zero_division` parameter to control this behavior.

  _warn_prf(average, modifier, msg_start, len(result))

Accuracy: 0.6675531914893617

                        precision    recall  f1-score   support

       Acknowledgement       0.75      0.78      0.77       148

           Alternation       1.00      0.79      0.88        19

            Background       0.00      0.00      0.00         1

Clarification_question       0.46      0.58      0.51        33

               Comment       0.64      0.63      0.63       165

           Conditional       0.64      0.50      0.56        18

          Continuation       0.55      0.37      0.44       113

              Contrast       0.53      0.43      0.48        44

            Correction       0.36      0.19      0.25        21

           Elaboration       0.47      0.55      0.51       101

           Explanation       0.43      0.58      0.49        31

             Narration       0.00      0.00      0.00        13

              Parallel       0.65      0.73      0.69        15

                Q_Elab       0.63      0.68      0.65        72

  Question_answer_pair       0.84      0.91      0.88       305

                Result       0.42      0.48      0.45        29

              accuracy                           0.67      1128

             macro avg       0.52      0.51      0.51      1128

          weighted avg       0.66      0.67      0.66      1128

Random seed = 456

                                                   

 25%|██▌       | 1273/5092 [01:54<05:23, 11.81it/s]{'loss': 1.7369, 'learning_rate': 1.5000000000000002e-05, 'epoch': 1.0}

                                                   

                                                   

 50%|█████     | 2546/5092 [03:52<03:38, 11.68it/s]{'eval_loss': 1.4061610698699951, 'eval_runtime': 2.2177, 'eval_samples_per_second': 617.301, 'eval_steps_per_second': 77.557, 'epoch': 1.0}

{'loss': 1.2551, 'learning_rate': 1e-05, 'epoch': 2.0}

                                                   

                                                   

 75%|███████▌  | 3819/5092 [05:48<01:47, 11.80it/s]{'eval_loss': 1.2666144371032715, 'eval_runtime': 2.1796, 'eval_samples_per_second': 628.093, 'eval_steps_per_second': 78.913, 'epoch': 2.0}

{'loss': 1.0186, 'learning_rate': 5e-06, 'epoch': 3.0}

                                                   

                                                   

100%|██████████| 5092/5092 [07:47<00:00, 11.68it/s]{'eval_loss': 1.2633185386657715, 'eval_runtime': 2.2042, 'eval_samples_per_second': 621.074, 'eval_steps_per_second': 78.031, 'epoch': 3.0}

{'loss': 0.8516, 'learning_rate': 0.0, 'epoch': 4.0}

                                                   

                                                   

{'eval_loss': 1.2673450708389282, 'eval_runtime': 2.139, 'eval_samples_per_second': 640.022, 'eval_steps_per_second': 80.412, 'epoch': 4.0}

{'train_runtime': 469.5556, 'train_samples_per_second': 86.737, 'train_steps_per_second': 10.844, 'train_loss': 1.2155574729661724, 'epoch': 4.0}

/lustre03/project/6066577/shuhaibm/env/lib/python3.8/site-packages/sklearn/metrics/_classification.py:1344: UndefinedMetricWarning: Precision and F-score are ill-defined and being set to 0.0 in labels with no predicted samples. Use `zero_division` parameter to control this behavior.

  _warn_prf(average, modifier, msg_start, len(result))

/lustre03/project/6066577/shuhaibm/env/lib/python3.8/site-packages/sklearn/metrics/_classification.py:1344: UndefinedMetricWarning: Precision and F-score are ill-defined and being set to 0.0 in labels with no predicted samples. Use `zero_division` parameter to control this behavior.

  _warn_prf(average, modifier, msg_start, len(result))

/lustre03/project/6066577/shuhaibm/env/lib/python3.8/site-packages/sklearn/metrics/_classification.py:1344: UndefinedMetricWarning: Precision and F-score are ill-defined and being set to 0.0 in labels with no predicted samples. Use `zero_division` parameter to control this behavior.

  _warn_prf(average, modifier, msg_start, len(result))

Accuracy: 0.6675531914893617

                        precision    recall  f1-score   support

       Acknowledgement       0.75      0.78      0.77       148

           Alternation       1.00      0.79      0.88        19

            Background       0.00      0.00      0.00         1

Clarification_question       0.46      0.58      0.51        33

               Comment       0.64      0.63      0.63       165

           Conditional       0.64      0.50      0.56        18

          Continuation       0.55      0.37      0.44       113

              Contrast       0.53      0.43      0.48        44

            Correction       0.36      0.19      0.25        21

           Elaboration       0.47      0.55      0.51       101

           Explanation       0.43      0.58      0.49        31

             Narration       0.00      0.00      0.00        13

              Parallel       0.65      0.73      0.69        15

                Q_Elab       0.63      0.68      0.65        72

  Question_answer_pair       0.84      0.91      0.88       305

                Result       0.42      0.48      0.45        29

              accuracy                           0.67      1128

             macro avg       0.52      0.51      0.51      1128

          weighted avg       0.66      0.67      0.66      1128

Average accuracy = 0.6675531914893617

********** Run complete **********

********** Run - model: roberta-base, learning rate = 2e-05 **********

********** Run 6 - masked speakers, input sentence pairs, distance and question **********

Random seed = 42

                                                   

 25%|██▌       | 1273/5092 [01:55<05:26, 11.71it/s]{'loss': 1.6797, 'learning_rate': 1.5000000000000002e-05, 'epoch': 1.0}

                                                   

                                                   

 50%|█████     | 2546/5092 [03:56<03:39, 11.60it/s]{'eval_loss': 1.4110326766967773, 'eval_runtime': 2.2066, 'eval_samples_per_second': 620.403, 'eval_steps_per_second': 77.947, 'epoch': 1.0}

{'loss': 1.2204, 'learning_rate': 1e-05, 'epoch': 2.0}

                                                   

                                                   

 75%|███████▌  | 3819/5092 [05:52<01:48, 11.75it/s]{'eval_loss': 1.2500135898590088, 'eval_runtime': 2.2076, 'eval_samples_per_second': 620.127, 'eval_steps_per_second': 77.912, 'epoch': 2.0}

{'loss': 0.9829, 'learning_rate': 5e-06, 'epoch': 3.0}

                                                   

                                                   

100%|██████████| 5092/5092 [07:53<00:00, 12.04it/s]{'eval_loss': 1.2308032512664795, 'eval_runtime': 2.1767, 'eval_samples_per_second': 628.937, 'eval_steps_per_second': 79.019, 'epoch': 3.0}

{'loss': 0.8109, 'learning_rate': 0.0, 'epoch': 4.0}

                                                   

                                                   

{'eval_loss': 1.2402516603469849, 'eval_runtime': 2.1943, 'eval_samples_per_second': 623.899, 'eval_steps_per_second': 78.386, 'epoch': 4.0}

{'train_runtime': 475.5946, 'train_samples_per_second': 85.636, 'train_steps_per_second': 10.707, 'train_loss': 1.1734725820297158, 'epoch': 4.0}

/lustre03/project/6066577/shuhaibm/env/lib/python3.8/site-packages/sklearn/metrics/_classification.py:1344: UndefinedMetricWarning: Precision and F-score are ill-defined and being set to 0.0 in labels with no predicted samples. Use `zero_division` parameter to control this behavior.

  _warn_prf(average, modifier, msg_start, len(result))

/lustre03/project/6066577/shuhaibm/env/lib/python3.8/site-packages/sklearn/metrics/_classification.py:1344: UndefinedMetricWarning: Precision and F-score are ill-defined and being set to 0.0 in labels with no predicted samples. Use `zero_division` parameter to control this behavior.

  _warn_prf(average, modifier, msg_start, len(result))

/lustre03/project/6066577/shuhaibm/env/lib/python3.8/site-packages/sklearn/metrics/_classification.py:1344: UndefinedMetricWarning: Precision and F-score are ill-defined and being set to 0.0 in labels with no predicted samples. Use `zero_division` parameter to control this behavior.

  _warn_prf(average, modifier, msg_start, len(result))

Accuracy: 0.6710992907801419

                        precision    recall  f1-score   support

       Acknowledgement       0.73      0.80      0.76       148

           Alternation       1.00      0.79      0.88        19

            Background       0.00      0.00      0.00         1

Clarification_question       0.47      0.58      0.52        33

               Comment       0.70      0.64      0.67       165

           Conditional       0.54      0.83      0.65        18

          Continuation       0.56      0.40      0.46       113

              Contrast       0.46      0.43      0.45        44

            Correction       0.36      0.19      0.25        21

           Elaboration       0.50      0.56      0.53       101

           Explanation       0.41      0.55      0.47        31

             Narration       0.00      0.00      0.00        13

              Parallel       0.57      0.53      0.55        15

                Q_Elab       0.63      0.67      0.65        72

  Question_answer_pair       0.84      0.89      0.87       305

                Result       0.44      0.52      0.48        29

              accuracy                           0.67      1128

             macro avg       0.51      0.52      0.51      1128

          weighted avg       0.66      0.67      0.66      1128

Random seed = 123

                                                   

 25%|██▌       | 1273/5092 [01:54<05:39, 11.26it/s]{'loss': 1.6797, 'learning_rate': 1.5000000000000002e-05, 'epoch': 1.0}

                                                   

                                                   

 50%|█████     | 2546/5092 [03:55<03:42, 11.45it/s]{'eval_loss': 1.4110326766967773, 'eval_runtime': 2.2057, 'eval_samples_per_second': 620.666, 'eval_steps_per_second': 77.98, 'epoch': 1.0}

{'loss': 1.2204, 'learning_rate': 1e-05, 'epoch': 2.0}

                                                   

                                                   

 75%|███████▌  | 3819/5092 [05:52<01:48, 11.72it/s]{'eval_loss': 1.2500135898590088, 'eval_runtime': 2.2053, 'eval_samples_per_second': 620.776, 'eval_steps_per_second': 77.994, 'epoch': 2.0}

{'loss': 0.9829, 'learning_rate': 5e-06, 'epoch': 3.0}

                                                   

                                                   

100%|██████████| 5092/5092 [07:53<00:00, 12.02it/s]{'eval_loss': 1.2308032512664795, 'eval_runtime': 2.2423, 'eval_samples_per_second': 610.533, 'eval_steps_per_second': 76.707, 'epoch': 3.0}

{'loss': 0.8109, 'learning_rate': 0.0, 'epoch': 4.0}

                                                   

                                                   

{'eval_loss': 1.2402516603469849, 'eval_runtime': 2.2058, 'eval_samples_per_second': 620.624, 'eval_steps_per_second': 77.975, 'epoch': 4.0}

{'train_runtime': 475.2565, 'train_samples_per_second': 85.697, 'train_steps_per_second': 10.714, 'train_loss': 1.1734725820297158, 'epoch': 4.0}

/lustre03/project/6066577/shuhaibm/env/lib/python3.8/site-packages/sklearn/metrics/_classification.py:1344: UndefinedMetricWarning: Precision and F-score are ill-defined and being set to 0.0 in labels with no predicted samples. Use `zero_division` parameter to control this behavior.

  _warn_prf(average, modifier, msg_start, len(result))

/lustre03/project/6066577/shuhaibm/env/lib/python3.8/site-packages/sklearn/metrics/_classification.py:1344: UndefinedMetricWarning: Precision and F-score are ill-defined and being set to 0.0 in labels with no predicted samples. Use `zero_division` parameter to control this behavior.

  _warn_prf(average, modifier, msg_start, len(result))

/lustre03/project/6066577/shuhaibm/env/lib/python3.8/site-packages/sklearn/metrics/_classification.py:1344: UndefinedMetricWarning: Precision and F-score are ill-defined and being set to 0.0 in labels with no predicted samples. Use `zero_division` parameter to control this behavior.

  _warn_prf(average, modifier, msg_start, len(result))

Accuracy: 0.6710992907801419

                        precision    recall  f1-score   support

       Acknowledgement       0.73      0.80      0.76       148

           Alternation       1.00      0.79      0.88        19

            Background       0.00      0.00      0.00         1

Clarification_question       0.47      0.58      0.52        33

               Comment       0.70      0.64      0.67       165

           Conditional       0.54      0.83      0.65        18

          Continuation       0.56      0.40      0.46       113

              Contrast       0.46      0.43      0.45        44

            Correction       0.36      0.19      0.25        21

           Elaboration       0.50      0.56      0.53       101

           Explanation       0.41      0.55      0.47        31

             Narration       0.00      0.00      0.00        13

              Parallel       0.57      0.53      0.55        15

                Q_Elab       0.63      0.67      0.65        72

  Question_answer_pair       0.84      0.89      0.87       305

                Result       0.44      0.52      0.48        29

              accuracy                           0.67      1128

             macro avg       0.51      0.52      0.51      1128

          weighted avg       0.66      0.67      0.66      1128

Random seed = 456

                                                   

 25%|██▌       | 1273/5092 [01:54<05:25, 11.72it/s]{'loss': 1.6797, 'learning_rate': 1.5000000000000002e-05, 'epoch': 1.0}

                                                   

                                                   

 50%|█████     | 2546/5092 [03:55<03:39, 11.59it/s]{'eval_loss': 1.4110326766967773, 'eval_runtime': 2.2493, 'eval_samples_per_second': 608.645, 'eval_steps_per_second': 76.47, 'epoch': 1.0}

{'loss': 1.2204, 'learning_rate': 1e-05, 'epoch': 2.0}

                                                   

                                                   

 75%|███████▌  | 3819/5092 [05:53<01:48, 11.71it/s]{'eval_loss': 1.2500135898590088, 'eval_runtime': 2.2548, 'eval_samples_per_second': 607.143, 'eval_steps_per_second': 76.281, 'epoch': 2.0}

{'loss': 0.9829, 'learning_rate': 5e-06, 'epoch': 3.0}

                                                   

                                                   

100%|██████████| 5092/5092 [07:53<00:00, 12.02it/s]{'eval_loss': 1.2308032512664795, 'eval_runtime': 2.206, 'eval_samples_per_second': 620.576, 'eval_steps_per_second': 77.969, 'epoch': 3.0}

{'loss': 0.8109, 'learning_rate': 0.0, 'epoch': 4.0}

                                                   

                                                   

{'eval_loss': 1.2402516603469849, 'eval_runtime': 2.1748, 'eval_samples_per_second': 629.481, 'eval_steps_per_second': 79.087, 'epoch': 4.0}

{'train_runtime': 475.9748, 'train_samples_per_second': 85.568, 'train_steps_per_second': 10.698, 'train_loss': 1.1734725820297158, 'epoch': 4.0}

/lustre03/project/6066577/shuhaibm/env/lib/python3.8/site-packages/sklearn/metrics/_classification.py:1344: UndefinedMetricWarning: Precision and F-score are ill-defined and being set to 0.0 in labels with no predicted samples. Use `zero_division` parameter to control this behavior.

  _warn_prf(average, modifier, msg_start, len(result))

/lustre03/project/6066577/shuhaibm/env/lib/python3.8/site-packages/sklearn/metrics/_classification.py:1344: UndefinedMetricWarning: Precision and F-score are ill-defined and being set to 0.0 in labels with no predicted samples. Use `zero_division` parameter to control this behavior.

  _warn_prf(average, modifier, msg_start, len(result))

/lustre03/project/6066577/shuhaibm/env/lib/python3.8/site-packages/sklearn/metrics/_classification.py:1344: UndefinedMetricWarning: Precision and F-score are ill-defined and being set to 0.0 in labels with no predicted samples. Use `zero_division` parameter to control this behavior.

  _warn_prf(average, modifier, msg_start, len(result))

Accuracy: 0.6710992907801419

                        precision    recall  f1-score   support

       Acknowledgement       0.73      0.80      0.76       148

           Alternation       1.00      0.79      0.88        19

            Background       0.00      0.00      0.00         1

Clarification_question       0.47      0.58      0.52        33

               Comment       0.70      0.64      0.67       165

           Conditional       0.54      0.83      0.65        18

          Continuation       0.56      0.40      0.46       113

              Contrast       0.46      0.43      0.45        44

            Correction       0.36      0.19      0.25        21

           Elaboration       0.50      0.56      0.53       101

           Explanation       0.41      0.55      0.47        31

             Narration       0.00      0.00      0.00        13

              Parallel       0.57      0.53      0.55        15

                Q_Elab       0.63      0.67      0.65        72

  Question_answer_pair       0.84      0.89      0.87       305

                Result       0.44      0.52      0.48        29

              accuracy                           0.67      1128

             macro avg       0.51      0.52      0.51      1128

          weighted avg       0.66      0.67      0.66      1128

Average accuracy = 0.6710992907801417

********** Run complete **********

